#
# There is insufficient memory for the Java Runtime Environment to continue.
# Native memory allocation (mmap) failed to map 188743680 bytes for Failed to commit area from 0x0000000093700000 to 0x000000009eb00000 of length 188743680.
# Possible reasons:
#   The system is out of physical RAM or swap space
#   The process is running with CompressedOops enabled, and the Java Heap may be blocking the growth of the native heap
# Possible solutions:
#   Reduce memory load on the system
#   Increase physical memory or swap space
#   Check if swap backing store is full
#   Decrease Java heap size (-Xmx/-Xms)
#   Decrease number of Java threads
#   Decrease Java thread stack sizes (-Xss)
#   Set larger code cache with -XX:ReservedCodeCacheSize=
#   JVM is running with Unscaled Compressed Oops mode in which the Java heap is
#     placed in the first 4GB address space. The Java Heap base address is the
#     maximum limit for the native heap growth. Please use -XX:HeapBaseMinAddress
#     to set the Java Heap base and to place the Java Heap above 4GB virtual address.
# This output file may be truncated or incomplete.
#
#  Out of Memory Error (./src/hotspot/os/windows/os_windows.cpp:3301), pid=13596, tid=6676
#
# JRE version: OpenJDK Runtime Environment (11.0.10) (build 11.0.10+0-b96-7249189)
# Java VM: OpenJDK 64-Bit Server VM (11.0.10+0-b96-7249189, mixed mode, tiered, compressed oops, g1 gc, windows-amd64)
# No core dump will be written. Minidumps are not enabled by default on client versions of Windows
#

---------------  S U M M A R Y ------------

Command Line: --add-opens=java.base/java.util=ALL-UNNAMED --add-opens=java.base/java.lang=ALL-UNNAMED --add-opens=java.base/java.lang.invoke=ALL-UNNAMED --add-opens=java.base/java.util=ALL-UNNAMED --add-opens=java.prefs/java.util.prefs=ALL-UNNAMED --add-opens=java.prefs/java.util.prefs=ALL-UNNAMED --add-opens=java.base/java.nio.charset=ALL-UNNAMED --add-opens=java.base/java.net=ALL-UNNAMED --add-opens=java.base/java.util.concurrent.atomic=ALL-UNNAMED -Xmx2048m -Dfile.encoding=UTF-8 -Duser.country=RU -Duser.language=ru -Duser.variant org.gradle.launcher.daemon.bootstrap.GradleDaemon 7.0.2

Host: Intel(R) Pentium(R) CPU 4415U @ 2.30GHz, 4 cores, 3G,  Windows 10 , 64 bit Build 19041 (10.0.19041.1466)
Time: Tue Jan 25 17:18:32 2022 RTZ 2 (зима) elapsed time: 80.368269 seconds (0d 0h 1m 20s)

---------------  T H R E A D  ---------------

Current thread (0x0000025ca3002800):  VMThread "VM Thread" [stack: 0x000000a60b000000,0x000000a60b100000] [id=6676]

Stack: [0x000000a60b000000,0x000000a60b100000]
[error occurred during error reporting (printing stack bounds), id 0xc0000005, EXCEPTION_ACCESS_VIOLATION (0xc0000005) at pc=0x0000025c8cf60f3d]

Native frames: (J=compiled Java code, j=interpreted, Vv=VM code, C=native code)
V  [jvm.dll+0x5ecfaa]
V  [jvm.dll+0x722bd5]
V  [jvm.dll+0x72412d]
V  [jvm.dll+0x724745]
V  [jvm.dll+0x7246fb]
V  [jvm.dll+0x5ec348]
V  [jvm.dll+0x5ecad8]
C  [ntdll.dll+0xa20cf]
C  [ntdll.dll+0x51454]
C  [ntdll.dll+0xa0bfe]
C  0x0000025c8cf60f3d

VM_Operation (0x000000a60dbf8620): G1CollectForAllocation, mode: safepoint, requested by thread 0x0000025ca7dab000


---------------  P R O C E S S  ---------------

Threads class SMR info:
_java_thread_list=0x0000025cafeb0170, length=51, elements={
0x0000025c8946b800, 0x0000025ca3007800, 0x0000025ca300d000, 0x0000025ca3029000,
0x0000025ca302b800, 0x0000025ca302d000, 0x0000025ca3074800, 0x0000025ca3076000,
0x0000025ca307c000, 0x0000025ca3af1800, 0x0000025ca4d39000, 0x0000025ca51cd000,
0x0000025ca5aa7000, 0x0000025ca46b1800, 0x0000025ca5569800, 0x0000025ca4c66000,
0x0000025ca4c95000, 0x0000025ca4ae2000, 0x0000025ca5a9f800, 0x0000025ca5a9e800,
0x0000025ca5aa2000, 0x0000025ca5aa0800, 0x0000025ca5a9c000, 0x0000025ca5a9e000,
0x0000025ca5aa1000, 0x0000025ca5aa2800, 0x0000025ca5a9d000, 0x0000025ca3c40000,
0x0000025ca3c3e800, 0x0000025ca3c3d000, 0x0000025ca3c41000, 0x0000025ca3c3b800,
0x0000025ca3c3d800, 0x0000025ca3c3f800, 0x0000025ca7da9800, 0x0000025ca7da6000,
0x0000025ca7da7000, 0x0000025ca7da5800, 0x0000025ca7dab000, 0x0000025ca7dac000,
0x0000025ca7da8000, 0x0000025ca7da8800, 0x0000025ca7daa800, 0x0000025cabd94000,
0x0000025cabd90800, 0x0000025cabd94800, 0x0000025cabd95800, 0x0000025cabd96800,
0x0000025cabd91800, 0x0000025cabd98000, 0x0000025cabd92000
}

Java Threads: ( => current thread )
  0x0000025c8946b800 JavaThread "main" [_thread_blocked, id=13852, stack(0x000000a60aa00000,0x000000a60ab00000)]
  0x0000025ca3007800 JavaThread "Reference Handler" daemon [_thread_blocked, id=15060, stack(0x000000a60b100000,0x000000a60b200000)]
  0x0000025ca300d000 JavaThread "Finalizer" daemon [_thread_blocked, id=12920, stack(0x000000a60b200000,0x000000a60b300000)]
  0x0000025ca3029000 JavaThread "Signal Dispatcher" daemon [_thread_blocked, id=7592, stack(0x000000a60b300000,0x000000a60b400000)]
  0x0000025ca302b800 JavaThread "Attach Listener" daemon [_thread_blocked, id=13000, stack(0x000000a60b400000,0x000000a60b500000)]
  0x0000025ca302d000 JavaThread "Service Thread" daemon [_thread_blocked, id=4964, stack(0x000000a60b500000,0x000000a60b600000)]
  0x0000025ca3074800 JavaThread "C2 CompilerThread0" daemon [_thread_blocked, id=8172, stack(0x000000a60b600000,0x000000a60b700000)]
  0x0000025ca3076000 JavaThread "C1 CompilerThread0" daemon [_thread_blocked, id=3212, stack(0x000000a60b700000,0x000000a60b800000)]
  0x0000025ca307c000 JavaThread "Sweeper thread" daemon [_thread_blocked, id=9624, stack(0x000000a60b800000,0x000000a60b900000)]
  0x0000025ca3af1800 JavaThread "Common-Cleaner" daemon [_thread_blocked, id=4540, stack(0x000000a60b900000,0x000000a60ba00000)]
  0x0000025ca4d39000 JavaThread "Daemon health stats" [_thread_blocked, id=10944, stack(0x000000a60bc00000,0x000000a60bd00000)]
  0x0000025ca51cd000 JavaThread "Incoming local TCP Connector on port 59352" [_thread_in_native, id=12132, stack(0x000000a60bd00000,0x000000a60be00000)]
  0x0000025ca5aa7000 JavaThread "Daemon periodic checks" [_thread_blocked, id=11272, stack(0x000000a60be00000,0x000000a60bf00000)]
  0x0000025ca46b1800 JavaThread "Daemon" [_thread_blocked, id=248, stack(0x000000a60bf00000,0x000000a60c000000)]
  0x0000025ca5569800 JavaThread "Handler for socket connection from /127.0.0.1:59352 to /127.0.0.1:59353" [_thread_in_native, id=10008, stack(0x000000a60c000000,0x000000a60c100000)]
  0x0000025ca4c66000 JavaThread "Cancel handler" [_thread_blocked, id=6832, stack(0x000000a60c100000,0x000000a60c200000)]
  0x0000025ca4c95000 JavaThread "Daemon worker" [_thread_blocked, id=15112, stack(0x000000a60c200000,0x000000a60c300000)]
  0x0000025ca4ae2000 JavaThread "Asynchronous log dispatcher for DefaultDaemonConnection: socket connection from /127.0.0.1:59352 to /127.0.0.1:59353" [_thread_blocked, id=4360, stack(0x000000a60c300000,0x000000a60c400000)]
  0x0000025ca5a9f800 JavaThread "Daemon client event forwarder" [_thread_blocked, id=12256, stack(0x000000a60c500000,0x000000a60c600000)]
  0x0000025ca5a9e800 JavaThread "Cache worker for file hash cache (C:\Users\finem\.gradle\caches\7.0.2\fileHashes)" [_thread_blocked, id=12240, stack(0x000000a60c800000,0x000000a60c900000)]
  0x0000025ca5aa2000 JavaThread "File lock request listener" [_thread_in_native, id=8932, stack(0x000000a60c900000,0x000000a60ca00000)]
  0x0000025ca5aa0800 JavaThread "Cache worker for journal cache (C:\Users\finem\.gradle\caches\journal-1)" [_thread_blocked, id=14312, stack(0x000000a60ca00000,0x000000a60cb00000)]
  0x0000025ca5a9c000 JavaThread "Cache worker for file hash cache (C:\Users\finem\AndroidStudioProjects\LimeArts\.gradle\7.0.2\fileHashes)" [_thread_blocked, id=6220, stack(0x000000a60cb00000,0x000000a60cc00000)]
  0x0000025ca5a9e000 JavaThread "File watcher server" daemon [_thread_blocked, id=14440, stack(0x000000a60cc00000,0x000000a60cd00000)]
  0x0000025ca5aa1000 JavaThread "File watcher consumer" daemon [_thread_blocked, id=8328, stack(0x000000a60cd00000,0x000000a60ce00000)]
  0x0000025ca5aa2800 JavaThread "Cache worker for checksums cache (C:\Users\finem\AndroidStudioProjects\LimeArts\.gradle\checksums)" [_thread_blocked, id=13148, stack(0x000000a60ce00000,0x000000a60cf00000)]
  0x0000025ca5a9d000 JavaThread "Cache worker for cache directory md-supplier (C:\Users\finem\.gradle\caches\7.0.2\md-supplier)" [_thread_blocked, id=12164, stack(0x000000a60cf00000,0x000000a60d000000)]
  0x0000025ca3c40000 JavaThread "Cache worker for cache directory md-rule (C:\Users\finem\.gradle\caches\7.0.2\md-rule)" [_thread_blocked, id=7960, stack(0x000000a60d000000,0x000000a60d100000)]
  0x0000025ca3c3e800 JavaThread "Cache worker for execution history cache (C:\Users\finem\.gradle\caches\7.0.2\executionHistory)" [_thread_blocked, id=2544, stack(0x000000a60d100000,0x000000a60d200000)]
  0x0000025ca3c3d000 JavaThread "jar transforms" [_thread_blocked, id=15332, stack(0x000000a60d200000,0x000000a60d300000)]
  0x0000025ca3c41000 JavaThread "jar transforms Thread 2" [_thread_blocked, id=11584, stack(0x000000a60d300000,0x000000a60d400000)]
  0x0000025ca3c3b800 JavaThread "Cache worker for file content cache (C:\Users\finem\.gradle\caches\7.0.2\fileContent)" [_thread_blocked, id=1224, stack(0x000000a60d400000,0x000000a60d500000)]
  0x0000025ca3c3d800 JavaThread "Cache worker for dependencies-accessors (C:\Users\finem\AndroidStudioProjects\LimeArts\.gradle\7.0.2\dependencies-accessors)" [_thread_blocked, id=11792, stack(0x000000a60d500000,0x000000a60d600000)]
  0x0000025ca3c3f800 JavaThread "jar transforms Thread 3" [_thread_blocked, id=10152, stack(0x000000a60d600000,0x000000a60d700000)]
  0x0000025ca7da9800 JavaThread "Cache worker for Build Output Cleanup Cache (C:\Users\finem\AndroidStudioProjects\LimeArts\.gradle\buildOutputCleanup)" [_thread_blocked, id=3216, stack(0x000000a60d700000,0x000000a60d800000)]
  0x0000025ca7da6000 JavaThread "Build operations" [_thread_blocked, id=3256, stack(0x000000a60d800000,0x000000a60d900000)]
  0x0000025ca7da7000 JavaThread "Build operations Thread 2" [_thread_blocked, id=13292, stack(0x000000a60d900000,0x000000a60da00000)]
  0x0000025ca7da5800 JavaThread "Build operations Thread 3" [_thread_blocked, id=7476, stack(0x000000a60da00000,0x000000a60db00000)]
  0x0000025ca7dab000 JavaThread "Build operations Thread 4" [_thread_blocked, id=13288, stack(0x000000a60db00000,0x000000a60dc00000)]
  0x0000025ca7dac000 JavaThread "jar transforms Thread 4" [_thread_blocked, id=5204, stack(0x000000a60dc00000,0x000000a60dd00000)]
  0x0000025ca7da8000 JavaThread "Memory manager" [_thread_blocked, id=612, stack(0x000000a60dd00000,0x000000a60de00000)]
  0x0000025ca7da8800 JavaThread "build event listener" [_thread_blocked, id=4032, stack(0x000000a60de00000,0x000000a60df00000)]
  0x0000025ca7daa800 JavaThread "build event listener" [_thread_blocked, id=7964, stack(0x000000a60e100000,0x000000a60e200000)]
  0x0000025cabd94000 JavaThread "Execution worker for ':'" [_thread_blocked, id=9200, stack(0x000000a60e200000,0x000000a60e300000)]
  0x0000025cabd90800 JavaThread "Execution worker for ':' Thread 2" [_thread_blocked, id=12316, stack(0x000000a60e300000,0x000000a60e400000)]
  0x0000025cabd94800 JavaThread "Execution worker for ':' Thread 3" [_thread_blocked, id=9100, stack(0x000000a60e400000,0x000000a60e500000)]
  0x0000025cabd95800 JavaThread "Cache worker for execution history cache (C:\Users\finem\AndroidStudioProjects\LimeArts\.gradle\7.0.2\executionHistory)" [_thread_blocked, id=1196, stack(0x000000a60e500000,0x000000a60e600000)]
  0x0000025cabd96800 JavaThread "WorkerExecutor Queue" [_thread_blocked, id=14480, stack(0x000000a60e600000,0x000000a60e700000)]
  0x0000025cabd91800 JavaThread "WorkerExecutor Queue Thread 2" [_thread_blocked, id=9128, stack(0x000000a60e700000,0x000000a60e800000)]
  0x0000025cabd98000 JavaThread "WorkerExecutor Queue Thread 3" [_thread_blocked, id=14548, stack(0x000000a60e800000,0x000000a60e900000)]
  0x0000025cabd92000 JavaThread "WorkerExecutor Queue Thread 4" [_thread_blocked, id=12504, stack(0x000000a60e900000,0x000000a60ea00000)]

Other Threads:
=>0x0000025ca3002800 VMThread "VM Thread" [stack: 0x000000a60b000000,0x000000a60b100000] [id=6676]
  0x0000025ca3b14000 WatcherThread [stack: 0x000000a60ba00000,0x000000a60bb00000] [id=3572]
  0x0000025c89484800 GCTaskThread "GC Thread#0" [stack: 0x000000a60ab00000,0x000000a60ac00000] [id=436]
  0x0000025ca416e800 GCTaskThread "GC Thread#1" [stack: 0x000000a60bb00000,0x000000a60bc00000] [id=12516]
  0x0000025ca4c3f800 GCTaskThread "GC Thread#2" [stack: 0x000000a60c600000,0x000000a60c700000] [id=1888]
  0x0000025ca52d6800 GCTaskThread "GC Thread#3" [stack: 0x000000a60c700000,0x000000a60c800000] [id=13412]
  0x0000025c894b6000 ConcurrentGCThread "G1 Main Marker" [stack: 0x000000a60ac00000,0x000000a60ad00000] [id=12420]
  0x0000025c894b7000 ConcurrentGCThread "G1 Conc#0" [stack: 0x000000a60ad00000,0x000000a60ae00000] [id=8292]
  0x0000025c89511000 ConcurrentGCThread "G1 Refine#0" [stack: 0x000000a60ae00000,0x000000a60af00000] [id=15312]
  0x0000025c89512000 ConcurrentGCThread "G1 Young RemSet Sampling" [stack: 0x000000a60af00000,0x000000a60b000000] [id=12084]

Threads with active compile tasks:
C2 CompilerThread0  80445 17465 %     4       com.android.tools.r8.ir.regalloc.a::a @ 2121 (3985 bytes)

VM state:at safepoint (normal execution)

VM Mutex/Monitor currently owned by a thread:  ([mutex/lock_event])
[0x0000025c89467aa0] Threads_lock - owner thread: 0x0000025ca3002800
[0x0000025c89467fb0] Heap_lock - owner thread: 0x0000025ca7dab000

Heap address: 0x0000000080000000, size: 2048 MB, Compressed Oops mode: 32-bit
Narrow klass base: 0x0000000000000000, Narrow klass shift: 3
Compressed class space size: 1073741824 Address: 0x0000000100000000

Heap:
 garbage-first heap   total 502784K, used 156683K [0x0000000080000000, 0x0000000100000000)
  region size 1024K, 6 young (6144K), 6 survivors (6144K)
 Metaspace       used 105960K, capacity 108846K, committed 109004K, reserved 1142784K
  class space    used 13589K, capacity 14716K, committed 14796K, reserved 1048576K
Heap Regions: E=young(eden), S=young(survivor), O=old, HS=humongous(starts), HC=humongous(continues), CS=collection set, F=free, A=archive, TAMS=top-at-mark-start (previous, next)
|   0|0x0000000080000000, 0x0000000080100000, 0x0000000080100000|100%| O|  |TAMS 0x0000000080100000, 0x0000000080100000| Untracked 
|   1|0x0000000080100000, 0x0000000080200000, 0x0000000080200000|100%| O|  |TAMS 0x0000000080200000, 0x0000000080200000| Untracked 
|   2|0x0000000080200000, 0x0000000080300000, 0x0000000080300000|100%| O|  |TAMS 0x0000000080300000, 0x0000000080300000| Untracked 
|   3|0x0000000080300000, 0x0000000080400000, 0x0000000080400000|100%|HS|  |TAMS 0x0000000080400000, 0x0000000080400000| Complete 
|   4|0x0000000080400000, 0x0000000080500000, 0x0000000080500000|100%|HC|  |TAMS 0x0000000080500000, 0x0000000080500000| Complete 
|   5|0x0000000080500000, 0x0000000080600000, 0x0000000080600000|100%|HC|  |TAMS 0x0000000080600000, 0x0000000080600000| Complete 
|   6|0x0000000080600000, 0x0000000080700000, 0x0000000080700000|100%| O|  |TAMS 0x0000000080700000, 0x0000000080700000| Untracked 
|   7|0x0000000080700000, 0x0000000080800000, 0x0000000080800000|100%| O|  |TAMS 0x0000000080800000, 0x0000000080800000| Untracked 
|   8|0x0000000080800000, 0x0000000080900000, 0x0000000080900000|100%| O|  |TAMS 0x0000000080900000, 0x0000000080900000| Untracked 
|   9|0x0000000080900000, 0x0000000080a00000, 0x0000000080a00000|100%| O|  |TAMS 0x0000000080a00000, 0x0000000080a00000| Untracked 
|  10|0x0000000080a00000, 0x0000000080b00000, 0x0000000080b00000|100%| O|  |TAMS 0x0000000080b00000, 0x0000000080b00000| Untracked 
|  11|0x0000000080b00000, 0x0000000080c00000, 0x0000000080c00000|100%| O|  |TAMS 0x0000000080c00000, 0x0000000080c00000| Untracked 
|  12|0x0000000080c00000, 0x0000000080d00000, 0x0000000080d00000|100%| O|  |TAMS 0x0000000080d00000, 0x0000000080d00000| Untracked 
|  13|0x0000000080d00000, 0x0000000080e00000, 0x0000000080e00000|100%| O|  |TAMS 0x0000000080e00000, 0x0000000080e00000| Untracked 
|  14|0x0000000080e00000, 0x0000000080f00000, 0x0000000080f00000|100%| O|  |TAMS 0x0000000080f00000, 0x0000000080f00000| Untracked 
|  15|0x0000000080f00000, 0x0000000081000000, 0x0000000081000000|100%| O|  |TAMS 0x0000000081000000, 0x0000000081000000| Untracked 
|  16|0x0000000081000000, 0x0000000081100000, 0x0000000081100000|100%| O|  |TAMS 0x0000000081100000, 0x0000000081100000| Untracked 
|  17|0x0000000081100000, 0x0000000081200000, 0x0000000081200000|100%| O|  |TAMS 0x0000000081200000, 0x0000000081200000| Untracked 
|  18|0x0000000081200000, 0x0000000081300000, 0x0000000081300000|100%| O|  |TAMS 0x0000000081300000, 0x0000000081300000| Untracked 
|  19|0x0000000081300000, 0x0000000081400000, 0x0000000081400000|100%| O|  |TAMS 0x0000000081400000, 0x0000000081400000| Untracked 
|  20|0x0000000081400000, 0x0000000081500000, 0x0000000081500000|100%| O|  |TAMS 0x0000000081500000, 0x0000000081500000| Untracked 
|  21|0x0000000081500000, 0x0000000081600000, 0x0000000081600000|100%| O|  |TAMS 0x0000000081600000, 0x0000000081600000| Untracked 
|  22|0x0000000081600000, 0x0000000081700000, 0x0000000081700000|100%| O|  |TAMS 0x0000000081700000, 0x0000000081700000| Untracked 
|  23|0x0000000081700000, 0x0000000081800000, 0x0000000081800000|100%| O|  |TAMS 0x0000000081800000, 0x0000000081800000| Untracked 
|  24|0x0000000081800000, 0x0000000081900000, 0x0000000081900000|100%| O|  |TAMS 0x0000000081900000, 0x0000000081900000| Untracked 
|  25|0x0000000081900000, 0x0000000081a00000, 0x0000000081a00000|100%| O|  |TAMS 0x0000000081a00000, 0x0000000081a00000| Untracked 
|  26|0x0000000081a00000, 0x0000000081b00000, 0x0000000081b00000|100%| O|  |TAMS 0x0000000081b00000, 0x0000000081b00000| Untracked 
|  27|0x0000000081b00000, 0x0000000081c00000, 0x0000000081c00000|100%| O|  |TAMS 0x0000000081c00000, 0x0000000081c00000| Untracked 
|  28|0x0000000081c00000, 0x0000000081d00000, 0x0000000081d00000|100%| O|  |TAMS 0x0000000081d00000, 0x0000000081d00000| Untracked 
|  29|0x0000000081d00000, 0x0000000081e00000, 0x0000000081e00000|100%|HS|  |TAMS 0x0000000081e00000, 0x0000000081e00000| Complete 
|  30|0x0000000081e00000, 0x0000000081f00000, 0x0000000081f00000|100%|HS|  |TAMS 0x0000000081f00000, 0x0000000081f00000| Complete 
|  31|0x0000000081f00000, 0x0000000082000000, 0x0000000082000000|100%|HS|  |TAMS 0x0000000082000000, 0x0000000082000000| Complete 
|  32|0x0000000082000000, 0x0000000082100000, 0x0000000082100000|100%| O|  |TAMS 0x0000000082100000, 0x0000000082100000| Untracked 
|  33|0x0000000082100000, 0x0000000082200000, 0x0000000082200000|100%| O|  |TAMS 0x0000000082200000, 0x0000000082200000| Untracked 
|  34|0x0000000082200000, 0x0000000082300000, 0x0000000082300000|100%| O|  |TAMS 0x0000000082300000, 0x0000000082300000| Untracked 
|  35|0x0000000082300000, 0x0000000082400000, 0x0000000082400000|100%| O|  |TAMS 0x0000000082400000, 0x0000000082400000| Untracked 
|  36|0x0000000082400000, 0x0000000082500000, 0x0000000082500000|100%|HS|  |TAMS 0x0000000082500000, 0x0000000082500000| Complete 
|  37|0x0000000082500000, 0x0000000082600000, 0x0000000082600000|100%|HC|  |TAMS 0x0000000082600000, 0x0000000082600000| Complete 
|  38|0x0000000082600000, 0x0000000082700000, 0x0000000082700000|100%|HC|  |TAMS 0x0000000082700000, 0x0000000082700000| Complete 
|  39|0x0000000082700000, 0x0000000082800000, 0x0000000082800000|100%| O|  |TAMS 0x0000000082800000, 0x0000000082800000| Untracked 
|  40|0x0000000082800000, 0x0000000082900000, 0x0000000082900000|100%| O|  |TAMS 0x0000000082900000, 0x0000000082900000| Untracked 
|  41|0x0000000082900000, 0x0000000082a00000, 0x0000000082a00000|100%| O|  |TAMS 0x0000000082a00000, 0x0000000082a00000| Untracked 
|  42|0x0000000082a00000, 0x0000000082b00000, 0x0000000082b00000|100%| O|  |TAMS 0x0000000082b00000, 0x0000000082b00000| Untracked 
|  43|0x0000000082b00000, 0x0000000082c00000, 0x0000000082c00000|100%|HS|  |TAMS 0x0000000082c00000, 0x0000000082c00000| Complete 
|  44|0x0000000082c00000, 0x0000000082d00000, 0x0000000082d00000|100%|HC|  |TAMS 0x0000000082d00000, 0x0000000082d00000| Complete 
|  45|0x0000000082d00000, 0x0000000082e00000, 0x0000000082e00000|100%| O|  |TAMS 0x0000000082e00000, 0x0000000082e00000| Untracked 
|  46|0x0000000082e00000, 0x0000000082f00000, 0x0000000082f00000|100%| O|  |TAMS 0x0000000082f00000, 0x0000000082f00000| Untracked 
|  47|0x0000000082f00000, 0x0000000083000000, 0x0000000083000000|100%| O|  |TAMS 0x0000000083000000, 0x0000000083000000| Untracked 
|  48|0x0000000083000000, 0x0000000083100000, 0x0000000083100000|100%| O|  |TAMS 0x0000000083100000, 0x0000000083100000| Untracked 
|  49|0x0000000083100000, 0x0000000083200000, 0x0000000083200000|100%| O|  |TAMS 0x0000000083200000, 0x0000000083200000| Untracked 
|  50|0x0000000083200000, 0x0000000083300000, 0x0000000083300000|100%| O|  |TAMS 0x0000000083300000, 0x0000000083300000| Untracked 
|  51|0x0000000083300000, 0x0000000083400000, 0x0000000083400000|100%| O|  |TAMS 0x0000000083400000, 0x0000000083400000| Untracked 
|  52|0x0000000083400000, 0x0000000083500000, 0x0000000083500000|100%| O|  |TAMS 0x0000000083500000, 0x0000000083500000| Untracked 
|  53|0x0000000083500000, 0x0000000083600000, 0x0000000083600000|100%| O|  |TAMS 0x0000000083600000, 0x0000000083600000| Untracked 
|  54|0x0000000083600000, 0x0000000083700000, 0x0000000083700000|100%| O|  |TAMS 0x0000000083700000, 0x0000000083700000| Untracked 
|  55|0x0000000083700000, 0x0000000083800000, 0x0000000083800000|100%| O|  |TAMS 0x0000000083800000, 0x0000000083800000| Untracked 
|  56|0x0000000083800000, 0x0000000083900000, 0x0000000083900000|100%| O|  |TAMS 0x0000000083900000, 0x0000000083900000| Untracked 
|  57|0x0000000083900000, 0x0000000083a00000, 0x0000000083a00000|100%| O|  |TAMS 0x0000000083a00000, 0x0000000083a00000| Untracked 
|  58|0x0000000083a00000, 0x0000000083b00000, 0x0000000083b00000|100%| O|  |TAMS 0x0000000083b00000, 0x0000000083b00000| Untracked 
|  59|0x0000000083b00000, 0x0000000083c00000, 0x0000000083c00000|100%| O|  |TAMS 0x0000000083c00000, 0x0000000083c00000| Untracked 
|  60|0x0000000083c00000, 0x0000000083d00000, 0x0000000083d00000|100%| O|  |TAMS 0x0000000083d00000, 0x0000000083d00000| Untracked 
|  61|0x0000000083d00000, 0x0000000083e00000, 0x0000000083e00000|100%| O|  |TAMS 0x0000000083e00000, 0x0000000083e00000| Untracked 
|  62|0x0000000083e00000, 0x0000000083f00000, 0x0000000083f00000|100%| O|  |TAMS 0x0000000083f00000, 0x0000000083f00000| Untracked 
|  63|0x0000000083f00000, 0x0000000084000000, 0x0000000084000000|100%| O|  |TAMS 0x0000000084000000, 0x0000000084000000| Untracked 
|  64|0x0000000084000000, 0x0000000084100000, 0x0000000084100000|100%| O|  |TAMS 0x0000000084100000, 0x0000000084100000| Untracked 
|  65|0x0000000084100000, 0x0000000084200000, 0x0000000084200000|100%| O|  |TAMS 0x0000000084200000, 0x0000000084200000| Untracked 
|  66|0x0000000084200000, 0x0000000084300000, 0x0000000084300000|100%| O|  |TAMS 0x0000000084300000, 0x0000000084300000| Untracked 
|  67|0x0000000084300000, 0x0000000084400000, 0x0000000084400000|100%| O|  |TAMS 0x0000000084400000, 0x0000000084400000| Untracked 
|  68|0x0000000084400000, 0x0000000084500000, 0x0000000084500000|100%| O|  |TAMS 0x0000000084500000, 0x0000000084500000| Untracked 
|  69|0x0000000084500000, 0x0000000084600000, 0x0000000084600000|100%| O|  |TAMS 0x0000000084600000, 0x0000000084600000| Untracked 
|  70|0x0000000084600000, 0x0000000084700000, 0x0000000084700000|100%| O|  |TAMS 0x0000000084700000, 0x0000000084700000| Untracked 
|  71|0x0000000084700000, 0x0000000084800000, 0x0000000084800000|100%| O|  |TAMS 0x0000000084800000, 0x0000000084800000| Untracked 
|  72|0x0000000084800000, 0x0000000084900000, 0x0000000084900000|100%| O|  |TAMS 0x0000000084900000, 0x0000000084900000| Untracked 
|  73|0x0000000084900000, 0x0000000084a00000, 0x0000000084a00000|100%| O|  |TAMS 0x0000000084a00000, 0x0000000084a00000| Untracked 
|  74|0x0000000084a00000, 0x0000000084b00000, 0x0000000084b00000|100%| O|  |TAMS 0x0000000084b00000, 0x0000000084b00000| Untracked 
|  75|0x0000000084b00000, 0x0000000084c00000, 0x0000000084c00000|100%| O|  |TAMS 0x0000000084c00000, 0x0000000084c00000| Untracked 
|  76|0x0000000084c00000, 0x0000000084d00000, 0x0000000084d00000|100%| O|  |TAMS 0x0000000084d00000, 0x0000000084d00000| Untracked 
|  77|0x0000000084d00000, 0x0000000084e00000, 0x0000000084e00000|100%| O|  |TAMS 0x0000000084e00000, 0x0000000084e00000| Untracked 
|  78|0x0000000084e00000, 0x0000000084f00000, 0x0000000084f00000|100%| O|  |TAMS 0x0000000084f00000, 0x0000000084f00000| Untracked 
|  79|0x0000000084f00000, 0x0000000085000000, 0x0000000085000000|100%| O|  |TAMS 0x0000000085000000, 0x0000000085000000| Untracked 
|  80|0x0000000085000000, 0x0000000085100000, 0x0000000085100000|100%| O|  |TAMS 0x0000000085100000, 0x0000000085100000| Untracked 
|  81|0x0000000085100000, 0x0000000085200000, 0x0000000085200000|100%| O|  |TAMS 0x0000000085200000, 0x0000000085200000| Untracked 
|  82|0x0000000085200000, 0x0000000085300000, 0x0000000085300000|100%| O|  |TAMS 0x0000000085300000, 0x0000000085300000| Untracked 
|  83|0x0000000085300000, 0x0000000085400000, 0x0000000085400000|100%| O|  |TAMS 0x0000000085400000, 0x0000000085400000| Untracked 
|  84|0x0000000085400000, 0x0000000085500000, 0x0000000085500000|100%| O|  |TAMS 0x0000000085500000, 0x0000000085500000| Untracked 
|  85|0x0000000085500000, 0x0000000085600000, 0x0000000085600000|100%| O|  |TAMS 0x0000000085600000, 0x0000000085600000| Untracked 
|  86|0x0000000085600000, 0x0000000085700000, 0x0000000085700000|100%| O|  |TAMS 0x0000000085700000, 0x0000000085700000| Untracked 
|  87|0x0000000085700000, 0x0000000085800000, 0x0000000085800000|100%| O|  |TAMS 0x0000000085800000, 0x0000000085800000| Untracked 
|  88|0x0000000085800000, 0x0000000085900000, 0x0000000085900000|100%| O|  |TAMS 0x0000000085900000, 0x0000000085900000| Untracked 
|  89|0x0000000085900000, 0x0000000085a00000, 0x0000000085a00000|100%| O|  |TAMS 0x0000000085a00000, 0x0000000085a00000| Untracked 
|  90|0x0000000085a00000, 0x0000000085b00000, 0x0000000085b00000|100%| O|  |TAMS 0x0000000085b00000, 0x0000000085b00000| Untracked 
|  91|0x0000000085b00000, 0x0000000085c00000, 0x0000000085c00000|100%| O|  |TAMS 0x0000000085c00000, 0x0000000085c00000| Untracked 
|  92|0x0000000085c00000, 0x0000000085d00000, 0x0000000085d00000|100%| O|  |TAMS 0x0000000085d00000, 0x0000000085d00000| Untracked 
|  93|0x0000000085d00000, 0x0000000085e00000, 0x0000000085e00000|100%| O|  |TAMS 0x0000000085e00000, 0x0000000085e00000| Untracked 
|  94|0x0000000085e00000, 0x0000000085f00000, 0x0000000085f00000|100%| O|  |TAMS 0x0000000085f00000, 0x0000000085f00000| Untracked 
|  95|0x0000000085f00000, 0x0000000086000000, 0x0000000086000000|100%| O|  |TAMS 0x0000000086000000, 0x0000000086000000| Untracked 
|  96|0x0000000086000000, 0x0000000086100000, 0x0000000086100000|100%| O|  |TAMS 0x0000000086100000, 0x0000000086100000| Untracked 
|  97|0x0000000086100000, 0x0000000086200000, 0x0000000086200000|100%| O|  |TAMS 0x0000000086200000, 0x0000000086200000| Untracked 
|  98|0x0000000086200000, 0x0000000086300000, 0x0000000086300000|100%| O|  |TAMS 0x0000000086300000, 0x0000000086300000| Untracked 
|  99|0x0000000086300000, 0x0000000086400000, 0x0000000086400000|100%| O|  |TAMS 0x0000000086400000, 0x0000000086400000| Untracked 
| 100|0x0000000086400000, 0x0000000086500000, 0x0000000086500000|100%| O|  |TAMS 0x0000000086500000, 0x0000000086500000| Untracked 
| 101|0x0000000086500000, 0x0000000086600000, 0x0000000086600000|100%| O|  |TAMS 0x0000000086600000, 0x0000000086600000| Untracked 
| 102|0x0000000086600000, 0x0000000086700000, 0x0000000086700000|100%| O|  |TAMS 0x0000000086700000, 0x0000000086700000| Untracked 
| 103|0x0000000086700000, 0x0000000086800000, 0x0000000086800000|100%| O|  |TAMS 0x0000000086800000, 0x0000000086800000| Untracked 
| 104|0x0000000086800000, 0x0000000086900000, 0x0000000086900000|100%| O|  |TAMS 0x0000000086900000, 0x0000000086900000| Untracked 
| 105|0x0000000086900000, 0x0000000086a00000, 0x0000000086a00000|100%| O|  |TAMS 0x0000000086a00000, 0x0000000086a00000| Untracked 
| 106|0x0000000086a00000, 0x0000000086b00000, 0x0000000086b00000|100%| O|  |TAMS 0x0000000086b00000, 0x0000000086b00000| Untracked 
| 107|0x0000000086b00000, 0x0000000086c00000, 0x0000000086c00000|100%| O|  |TAMS 0x0000000086c00000, 0x0000000086c00000| Untracked 
| 108|0x0000000086c00000, 0x0000000086d00000, 0x0000000086d00000|100%| O|  |TAMS 0x0000000086c00000, 0x0000000086d00000| Untracked 
| 109|0x0000000086d00000, 0x0000000086e00000, 0x0000000086e00000|100%| O|  |TAMS 0x0000000086d00000, 0x0000000086e00000| Untracked 
| 110|0x0000000086e00000, 0x0000000086f00000, 0x0000000086f00000|100%| O|  |TAMS 0x0000000086e00000, 0x0000000086f00000| Untracked 
| 111|0x0000000086f00000, 0x0000000087000000, 0x0000000087000000|100%| O|  |TAMS 0x0000000086f00000, 0x0000000087000000| Untracked 
| 112|0x0000000087000000, 0x0000000087100000, 0x0000000087100000|100%| O|  |TAMS 0x0000000087000000, 0x0000000087100000| Untracked 
| 113|0x0000000087100000, 0x0000000087200000, 0x0000000087200000|100%| O|  |TAMS 0x0000000087100000, 0x0000000087200000| Untracked 
| 114|0x0000000087200000, 0x0000000087300000, 0x0000000087300000|100%| O|  |TAMS 0x0000000087200000, 0x0000000087300000| Untracked 
| 115|0x0000000087300000, 0x0000000087400000, 0x0000000087400000|100%| O|  |TAMS 0x0000000087300000, 0x0000000087400000| Untracked 
| 116|0x0000000087400000, 0x0000000087500000, 0x0000000087500000|100%| O|  |TAMS 0x0000000087400000, 0x0000000087500000| Untracked 
| 117|0x0000000087500000, 0x0000000087600000, 0x0000000087600000|100%| O|  |TAMS 0x0000000087500000, 0x0000000087600000| Untracked 
| 118|0x0000000087600000, 0x0000000087700000, 0x0000000087700000|100%| O|  |TAMS 0x0000000087600000, 0x0000000087700000| Untracked 
| 119|0x0000000087700000, 0x0000000087800000, 0x0000000087800000|100%| O|  |TAMS 0x0000000087700000, 0x0000000087800000| Untracked 
| 120|0x0000000087800000, 0x0000000087900000, 0x0000000087900000|100%| O|  |TAMS 0x0000000087800000, 0x0000000087900000| Untracked 
| 121|0x0000000087900000, 0x0000000087a00000, 0x0000000087a00000|100%| O|  |TAMS 0x0000000087900000, 0x0000000087a00000| Untracked 
| 122|0x0000000087a00000, 0x0000000087b00000, 0x0000000087b00000|100%| O|  |TAMS 0x0000000087a00000, 0x0000000087b00000| Untracked 
| 123|0x0000000087b00000, 0x0000000087c00000, 0x0000000087c00000|100%| O|  |TAMS 0x0000000087b00000, 0x0000000087c00000| Untracked 
| 124|0x0000000087c00000, 0x0000000087d00000, 0x0000000087d00000|100%| O|  |TAMS 0x0000000087c00000, 0x0000000087d00000| Untracked 
| 125|0x0000000087d00000, 0x0000000087e00000, 0x0000000087e00000|100%| O|  |TAMS 0x0000000087d00000, 0x0000000087e00000| Untracked 
| 126|0x0000000087e00000, 0x0000000087f00000, 0x0000000087f00000|100%| O|  |TAMS 0x0000000087e00000, 0x0000000087f00000| Untracked 
| 127|0x0000000087f00000, 0x0000000088000000, 0x0000000088000000|100%| O|  |TAMS 0x0000000087f00000, 0x0000000088000000| Untracked 
| 128|0x0000000088000000, 0x0000000088100000, 0x0000000088100000|100%| O|  |TAMS 0x0000000088000000, 0x0000000088100000| Untracked 
| 129|0x0000000088100000, 0x0000000088200000, 0x0000000088200000|100%| O|  |TAMS 0x0000000088100000, 0x0000000088200000| Untracked 
| 130|0x0000000088200000, 0x0000000088300000, 0x0000000088300000|100%| O|  |TAMS 0x0000000088200000, 0x0000000088300000| Untracked 
| 131|0x0000000088300000, 0x0000000088400000, 0x0000000088400000|100%| O|  |TAMS 0x0000000088300000, 0x0000000088400000| Untracked 
| 132|0x0000000088400000, 0x0000000088500000, 0x0000000088500000|100%| O|  |TAMS 0x0000000088400000, 0x0000000088500000| Untracked 
| 133|0x0000000088500000, 0x0000000088600000, 0x0000000088600000|100%| O|  |TAMS 0x0000000088500000, 0x0000000088600000| Untracked 
| 134|0x0000000088600000, 0x0000000088700000, 0x0000000088700000|100%| O|  |TAMS 0x0000000088600000, 0x0000000088700000| Untracked 
| 135|0x0000000088700000, 0x0000000088800000, 0x0000000088800000|100%| O|  |TAMS 0x0000000088700000, 0x0000000088800000| Untracked 
| 136|0x0000000088800000, 0x0000000088900000, 0x0000000088900000|100%| O|  |TAMS 0x0000000088800000, 0x0000000088900000| Untracked 
| 137|0x0000000088900000, 0x0000000088a00000, 0x0000000088a00000|100%| O|  |TAMS 0x0000000088900000, 0x0000000088a00000| Untracked 
| 138|0x0000000088a00000, 0x0000000088b00000, 0x0000000088b00000|100%| O|  |TAMS 0x0000000088a00000, 0x0000000088b00000| Untracked 
| 139|0x0000000088b00000, 0x0000000088c00000, 0x0000000088c00000|100%| O|  |TAMS 0x0000000088b00000, 0x0000000088c00000| Untracked 
| 140|0x0000000088c00000, 0x0000000088d00000, 0x0000000088d00000|100%| O|  |TAMS 0x0000000088c00000, 0x0000000088d00000| Untracked 
| 141|0x0000000088d00000, 0x0000000088e00000, 0x0000000088e00000|100%| O|  |TAMS 0x0000000088d00000, 0x0000000088e00000| Untracked 
| 142|0x0000000088e00000, 0x0000000088f00000, 0x0000000088f00000|100%| O|  |TAMS 0x0000000088e00000, 0x0000000088f00000| Untracked 
| 143|0x0000000088f00000, 0x0000000089000000, 0x0000000089000000|100%| O|  |TAMS 0x0000000088f00000, 0x0000000089000000| Untracked 
| 144|0x0000000089000000, 0x0000000089100000, 0x0000000089100000|100%| O|  |TAMS 0x0000000089000000, 0x0000000089100000| Untracked 
| 145|0x0000000089100000, 0x0000000089200000, 0x0000000089200000|100%| O|  |TAMS 0x0000000089100000, 0x0000000089200000| Untracked 
| 146|0x0000000089200000, 0x0000000089300000, 0x0000000089300000|100%| O|  |TAMS 0x0000000089200000, 0x0000000089300000| Untracked 
| 147|0x0000000089300000, 0x0000000089349e00, 0x0000000089400000| 28%| O|  |TAMS 0x0000000089300000, 0x0000000089349e00| Untracked 
| 148|0x0000000089400000, 0x0000000089400000, 0x0000000089500000|  0%| F|  |TAMS 0x0000000089400000, 0x0000000089400000| Untracked 
| 149|0x0000000089500000, 0x0000000089500000, 0x0000000089600000|  0%| F|  |TAMS 0x0000000089500000, 0x0000000089500000| Untracked 
| 150|0x0000000089600000, 0x0000000089600000, 0x0000000089700000|  0%| F|  |TAMS 0x0000000089600000, 0x0000000089600000| Untracked 
| 151|0x0000000089700000, 0x0000000089700000, 0x0000000089800000|  0%| F|  |TAMS 0x0000000089700000, 0x0000000089700000| Untracked 
| 152|0x0000000089800000, 0x0000000089800000, 0x0000000089900000|  0%| F|  |TAMS 0x0000000089800000, 0x0000000089800000| Untracked 
| 153|0x0000000089900000, 0x0000000089900000, 0x0000000089a00000|  0%| F|  |TAMS 0x0000000089900000, 0x0000000089900000| Untracked 
| 154|0x0000000089a00000, 0x0000000089a00000, 0x0000000089b00000|  0%| F|  |TAMS 0x0000000089a00000, 0x0000000089a00000| Untracked 
| 155|0x0000000089b00000, 0x0000000089b00000, 0x0000000089c00000|  0%| F|  |TAMS 0x0000000089b00000, 0x0000000089b00000| Untracked 
| 156|0x0000000089c00000, 0x0000000089c00000, 0x0000000089d00000|  0%| F|  |TAMS 0x0000000089c00000, 0x0000000089c00000| Untracked 
| 157|0x0000000089d00000, 0x0000000089d00000, 0x0000000089e00000|  0%| F|  |TAMS 0x0000000089d00000, 0x0000000089d00000| Untracked 
| 158|0x0000000089e00000, 0x0000000089e00000, 0x0000000089f00000|  0%| F|  |TAMS 0x0000000089e00000, 0x0000000089e00000| Untracked 
| 159|0x0000000089f00000, 0x0000000089f00000, 0x000000008a000000|  0%| F|  |TAMS 0x0000000089f00000, 0x0000000089f00000| Untracked 
| 160|0x000000008a000000, 0x000000008a000000, 0x000000008a100000|  0%| F|  |TAMS 0x000000008a000000, 0x000000008a000000| Untracked 
| 161|0x000000008a100000, 0x000000008a100000, 0x000000008a200000|  0%| F|  |TAMS 0x000000008a100000, 0x000000008a100000| Untracked 
| 162|0x000000008a200000, 0x000000008a200000, 0x000000008a300000|  0%| F|  |TAMS 0x000000008a200000, 0x000000008a200000| Untracked 
| 163|0x000000008a300000, 0x000000008a300000, 0x000000008a400000|  0%| F|  |TAMS 0x000000008a300000, 0x000000008a300000| Untracked 
| 164|0x000000008a400000, 0x000000008a400000, 0x000000008a500000|  0%| F|  |TAMS 0x000000008a400000, 0x000000008a400000| Untracked 
| 165|0x000000008a500000, 0x000000008a500000, 0x000000008a600000|  0%| F|  |TAMS 0x000000008a500000, 0x000000008a500000| Untracked 
| 166|0x000000008a600000, 0x000000008a600000, 0x000000008a700000|  0%| F|  |TAMS 0x000000008a600000, 0x000000008a600000| Untracked 
| 167|0x000000008a700000, 0x000000008a700000, 0x000000008a800000|  0%| F|  |TAMS 0x000000008a700000, 0x000000008a700000| Untracked 
| 168|0x000000008a800000, 0x000000008a800000, 0x000000008a900000|  0%| F|  |TAMS 0x000000008a800000, 0x000000008a800000| Untracked 
| 169|0x000000008a900000, 0x000000008a900000, 0x000000008aa00000|  0%| F|  |TAMS 0x000000008a900000, 0x000000008a900000| Untracked 
| 170|0x000000008aa00000, 0x000000008aa00000, 0x000000008ab00000|  0%| F|  |TAMS 0x000000008aa00000, 0x000000008aa00000| Untracked 
| 171|0x000000008ab00000, 0x000000008ab00000, 0x000000008ac00000|  0%| F|  |TAMS 0x000000008ab00000, 0x000000008ab00000| Untracked 
| 172|0x000000008ac00000, 0x000000008ac00000, 0x000000008ad00000|  0%| F|  |TAMS 0x000000008ac00000, 0x000000008ac00000| Untracked 
| 173|0x000000008ad00000, 0x000000008ad00000, 0x000000008ae00000|  0%| F|  |TAMS 0x000000008ad00000, 0x000000008ad00000| Untracked 
| 174|0x000000008ae00000, 0x000000008ae00000, 0x000000008af00000|  0%| F|  |TAMS 0x000000008ae00000, 0x000000008ae00000| Untracked 
| 175|0x000000008af00000, 0x000000008af00000, 0x000000008b000000|  0%| F|  |TAMS 0x000000008af00000, 0x000000008af00000| Untracked 
| 176|0x000000008b000000, 0x000000008b000000, 0x000000008b100000|  0%| F|  |TAMS 0x000000008b000000, 0x000000008b000000| Untracked 
| 177|0x000000008b100000, 0x000000008b100000, 0x000000008b200000|  0%| F|  |TAMS 0x000000008b100000, 0x000000008b100000| Untracked 
| 178|0x000000008b200000, 0x000000008b200000, 0x000000008b300000|  0%| F|  |TAMS 0x000000008b200000, 0x000000008b200000| Untracked 
| 179|0x000000008b300000, 0x000000008b300000, 0x000000008b400000|  0%| F|  |TAMS 0x000000008b300000, 0x000000008b300000| Untracked 
| 180|0x000000008b400000, 0x000000008b400000, 0x000000008b500000|  0%| F|  |TAMS 0x000000008b400000, 0x000000008b400000| Untracked 
| 181|0x000000008b500000, 0x000000008b500000, 0x000000008b600000|  0%| F|  |TAMS 0x000000008b500000, 0x000000008b500000| Untracked 
| 182|0x000000008b600000, 0x000000008b600000, 0x000000008b700000|  0%| F|  |TAMS 0x000000008b600000, 0x000000008b600000| Untracked 
| 183|0x000000008b700000, 0x000000008b700000, 0x000000008b800000|  0%| F|  |TAMS 0x000000008b700000, 0x000000008b700000| Untracked 
| 184|0x000000008b800000, 0x000000008b800000, 0x000000008b900000|  0%| F|  |TAMS 0x000000008b800000, 0x000000008b800000| Untracked 
| 185|0x000000008b900000, 0x000000008b900000, 0x000000008ba00000|  0%| F|  |TAMS 0x000000008b900000, 0x000000008b900000| Untracked 
| 186|0x000000008ba00000, 0x000000008bab8e78, 0x000000008bb00000| 72%| S|CS|TAMS 0x000000008ba00000, 0x000000008ba00000| Complete 
| 187|0x000000008bb00000, 0x000000008bc00000, 0x000000008bc00000|100%| S|CS|TAMS 0x000000008bb00000, 0x000000008bb00000| Complete 
| 188|0x000000008bc00000, 0x000000008bd00000, 0x000000008bd00000|100%| S|CS|TAMS 0x000000008bc00000, 0x000000008bc00000| Complete 
| 189|0x000000008bd00000, 0x000000008be00000, 0x000000008be00000|100%| S|CS|TAMS 0x000000008bd00000, 0x000000008bd00000| Complete 
| 190|0x000000008be00000, 0x000000008be00000, 0x000000008bf00000|  0%| F|  |TAMS 0x000000008be00000, 0x000000008be00000| Untracked 
| 191|0x000000008bf00000, 0x000000008c000000, 0x000000008c000000|100%| S|CS|TAMS 0x000000008bf00000, 0x000000008bf00000| Complete 
| 192|0x000000008c000000, 0x000000008c100000, 0x000000008c100000|100%| S|CS|TAMS 0x000000008c000000, 0x000000008c000000| Complete 
| 193|0x000000008c100000, 0x000000008c100000, 0x000000008c200000|  0%| F|  |TAMS 0x000000008c100000, 0x000000008c100000| Untracked 
| 194|0x000000008c200000, 0x000000008c200000, 0x000000008c300000|  0%| F|  |TAMS 0x000000008c200000, 0x000000008c200000| Untracked 
| 195|0x000000008c300000, 0x000000008c300000, 0x000000008c400000|  0%| F|  |TAMS 0x000000008c300000, 0x000000008c300000| Untracked 
| 196|0x000000008c400000, 0x000000008c400000, 0x000000008c500000|  0%| F|  |TAMS 0x000000008c400000, 0x000000008c400000| Untracked 
| 197|0x000000008c500000, 0x000000008c500000, 0x000000008c600000|  0%| F|  |TAMS 0x000000008c500000, 0x000000008c500000| Untracked 
| 198|0x000000008c600000, 0x000000008c600000, 0x000000008c700000|  0%| F|  |TAMS 0x000000008c600000, 0x000000008c600000| Untracked 
| 199|0x000000008c700000, 0x000000008c700000, 0x000000008c800000|  0%| F|  |TAMS 0x000000008c700000, 0x000000008c700000| Untracked 
| 200|0x000000008c800000, 0x000000008c800000, 0x000000008c900000|  0%| F|  |TAMS 0x000000008c800000, 0x000000008c800000| Untracked 
| 201|0x000000008c900000, 0x000000008c900000, 0x000000008ca00000|  0%| F|  |TAMS 0x000000008c900000, 0x000000008c900000| Untracked 
| 202|0x000000008ca00000, 0x000000008ca00000, 0x000000008cb00000|  0%| F|  |TAMS 0x000000008ca00000, 0x000000008ca00000| Untracked 
| 203|0x000000008cb00000, 0x000000008cb00000, 0x000000008cc00000|  0%| F|  |TAMS 0x000000008cb00000, 0x000000008cb00000| Untracked 
| 204|0x000000008cc00000, 0x000000008cc00000, 0x000000008cd00000|  0%| F|  |TAMS 0x000000008cc00000, 0x000000008cc00000| Untracked 
| 205|0x000000008cd00000, 0x000000008cd00000, 0x000000008ce00000|  0%| F|  |TAMS 0x000000008cd00000, 0x000000008cd00000| Untracked 
| 206|0x000000008ce00000, 0x000000008ce00000, 0x000000008cf00000|  0%| F|  |TAMS 0x000000008ce00000, 0x000000008ce00000| Untracked 
| 207|0x000000008cf00000, 0x000000008cf00000, 0x000000008d000000|  0%| F|  |TAMS 0x000000008cf00000, 0x000000008cf00000| Untracked 
| 208|0x000000008d000000, 0x000000008d000000, 0x000000008d100000|  0%| F|  |TAMS 0x000000008d000000, 0x000000008d000000| Untracked 
| 209|0x000000008d100000, 0x000000008d100000, 0x000000008d200000|  0%| F|  |TAMS 0x000000008d100000, 0x000000008d100000| Untracked 
| 210|0x000000008d200000, 0x000000008d200000, 0x000000008d300000|  0%| F|  |TAMS 0x000000008d200000, 0x000000008d200000| Untracked 
| 211|0x000000008d300000, 0x000000008d300000, 0x000000008d400000|  0%| F|  |TAMS 0x000000008d300000, 0x000000008d300000| Untracked 
| 212|0x000000008d400000, 0x000000008d400000, 0x000000008d500000|  0%| F|  |TAMS 0x000000008d400000, 0x000000008d400000| Untracked 
| 213|0x000000008d500000, 0x000000008d500000, 0x000000008d600000|  0%| F|  |TAMS 0x000000008d500000, 0x000000008d500000| Untracked 
| 214|0x000000008d600000, 0x000000008d600000, 0x000000008d700000|  0%| F|  |TAMS 0x000000008d600000, 0x000000008d600000| Untracked 
| 215|0x000000008d700000, 0x000000008d700000, 0x000000008d800000|  0%| F|  |TAMS 0x000000008d700000, 0x000000008d700000| Untracked 
| 216|0x000000008d800000, 0x000000008d800000, 0x000000008d900000|  0%| F|  |TAMS 0x000000008d800000, 0x000000008d800000| Untracked 
| 217|0x000000008d900000, 0x000000008d900000, 0x000000008da00000|  0%| F|  |TAMS 0x000000008d900000, 0x000000008d900000| Untracked 
| 218|0x000000008da00000, 0x000000008da00000, 0x000000008db00000|  0%| F|  |TAMS 0x000000008da00000, 0x000000008da00000| Untracked 
| 219|0x000000008db00000, 0x000000008db00000, 0x000000008dc00000|  0%| F|  |TAMS 0x000000008db00000, 0x000000008db00000| Untracked 
| 220|0x000000008dc00000, 0x000000008dc00000, 0x000000008dd00000|  0%| F|  |TAMS 0x000000008dc00000, 0x000000008dc00000| Untracked 
| 221|0x000000008dd00000, 0x000000008dd00000, 0x000000008de00000|  0%| F|  |TAMS 0x000000008dd00000, 0x000000008dd00000| Untracked 
| 222|0x000000008de00000, 0x000000008de00000, 0x000000008df00000|  0%| F|  |TAMS 0x000000008de00000, 0x000000008de00000| Untracked 
| 223|0x000000008df00000, 0x000000008df00000, 0x000000008e000000|  0%| F|  |TAMS 0x000000008df00000, 0x000000008df00000| Untracked 
| 224|0x000000008e000000, 0x000000008e000000, 0x000000008e100000|  0%| F|  |TAMS 0x000000008e000000, 0x000000008e000000| Untracked 
| 225|0x000000008e100000, 0x000000008e100000, 0x000000008e200000|  0%| F|  |TAMS 0x000000008e100000, 0x000000008e100000| Untracked 
| 226|0x000000008e200000, 0x000000008e200000, 0x000000008e300000|  0%| F|  |TAMS 0x000000008e200000, 0x000000008e200000| Untracked 
| 227|0x000000008e300000, 0x000000008e300000, 0x000000008e400000|  0%| F|  |TAMS 0x000000008e300000, 0x000000008e300000| Untracked 
| 228|0x000000008e400000, 0x000000008e400000, 0x000000008e500000|  0%| F|  |TAMS 0x000000008e400000, 0x000000008e400000| Untracked 
| 229|0x000000008e500000, 0x000000008e500000, 0x000000008e600000|  0%| F|  |TAMS 0x000000008e500000, 0x000000008e500000| Untracked 
| 230|0x000000008e600000, 0x000000008e600000, 0x000000008e700000|  0%| F|  |TAMS 0x000000008e600000, 0x000000008e600000| Untracked 
| 231|0x000000008e700000, 0x000000008e700000, 0x000000008e800000|  0%| F|  |TAMS 0x000000008e700000, 0x000000008e700000| Untracked 
| 232|0x000000008e800000, 0x000000008e800000, 0x000000008e900000|  0%| F|  |TAMS 0x000000008e800000, 0x000000008e800000| Untracked 
| 233|0x000000008e900000, 0x000000008e900000, 0x000000008ea00000|  0%| F|  |TAMS 0x000000008e900000, 0x000000008e900000| Untracked 
| 234|0x000000008ea00000, 0x000000008ea00000, 0x000000008eb00000|  0%| F|  |TAMS 0x000000008ea00000, 0x000000008ea00000| Untracked 
| 235|0x000000008eb00000, 0x000000008eb00000, 0x000000008ec00000|  0%| F|  |TAMS 0x000000008eb00000, 0x000000008eb00000| Untracked 
| 236|0x000000008ec00000, 0x000000008ec00000, 0x000000008ed00000|  0%| F|  |TAMS 0x000000008ec00000, 0x000000008ec00000| Untracked 
| 237|0x000000008ed00000, 0x000000008ed00000, 0x000000008ee00000|  0%| F|  |TAMS 0x000000008ed00000, 0x000000008ed00000| Untracked 
| 238|0x000000008ee00000, 0x000000008ee00000, 0x000000008ef00000|  0%| F|  |TAMS 0x000000008ee00000, 0x000000008ee00000| Untracked 
| 239|0x000000008ef00000, 0x000000008ef00000, 0x000000008f000000|  0%| F|  |TAMS 0x000000008ef00000, 0x000000008ef00000| Untracked 
| 240|0x000000008f000000, 0x000000008f000000, 0x000000008f100000|  0%| F|  |TAMS 0x000000008f000000, 0x000000008f000000| Untracked 
| 241|0x000000008f100000, 0x000000008f100000, 0x000000008f200000|  0%| F|  |TAMS 0x000000008f100000, 0x000000008f100000| Untracked 
| 242|0x000000008f200000, 0x000000008f200000, 0x000000008f300000|  0%| F|  |TAMS 0x000000008f200000, 0x000000008f200000| Untracked 
| 243|0x000000008f300000, 0x000000008f300000, 0x000000008f400000|  0%| F|  |TAMS 0x000000008f300000, 0x000000008f300000| Untracked 
| 244|0x000000008f400000, 0x000000008f400000, 0x000000008f500000|  0%| F|  |TAMS 0x000000008f400000, 0x000000008f400000| Untracked 
| 245|0x000000008f500000, 0x000000008f500000, 0x000000008f600000|  0%| F|  |TAMS 0x000000008f500000, 0x000000008f500000| Untracked 
| 246|0x000000008f600000, 0x000000008f600000, 0x000000008f700000|  0%| F|  |TAMS 0x000000008f600000, 0x000000008f600000| Untracked 
| 247|0x000000008f700000, 0x000000008f700000, 0x000000008f800000|  0%| F|  |TAMS 0x000000008f700000, 0x000000008f700000| Untracked 
| 248|0x000000008f800000, 0x000000008f800000, 0x000000008f900000|  0%| F|  |TAMS 0x000000008f800000, 0x000000008f800000| Untracked 
| 249|0x000000008f900000, 0x000000008f900000, 0x000000008fa00000|  0%| F|  |TAMS 0x000000008f900000, 0x000000008f900000| Untracked 
| 250|0x000000008fa00000, 0x000000008fa00000, 0x000000008fb00000|  0%| F|  |TAMS 0x000000008fa00000, 0x000000008fa00000| Untracked 
| 251|0x000000008fb00000, 0x000000008fb00000, 0x000000008fc00000|  0%| F|  |TAMS 0x000000008fb00000, 0x000000008fb00000| Untracked 
| 252|0x000000008fc00000, 0x000000008fc00000, 0x000000008fd00000|  0%| F|  |TAMS 0x000000008fc00000, 0x000000008fc00000| Untracked 
| 253|0x000000008fd00000, 0x000000008fd00000, 0x000000008fe00000|  0%| F|  |TAMS 0x000000008fd00000, 0x000000008fd00000| Untracked 
| 254|0x000000008fe00000, 0x000000008fe00000, 0x000000008ff00000|  0%| F|  |TAMS 0x000000008fe00000, 0x000000008fe00000| Untracked 
| 255|0x000000008ff00000, 0x000000008ff00000, 0x0000000090000000|  0%| F|  |TAMS 0x000000008ff00000, 0x000000008ff00000| Untracked 
| 256|0x0000000090000000, 0x0000000090000000, 0x0000000090100000|  0%| F|  |TAMS 0x0000000090000000, 0x0000000090000000| Untracked 
| 257|0x0000000090100000, 0x0000000090100000, 0x0000000090200000|  0%| F|  |TAMS 0x0000000090100000, 0x0000000090100000| Untracked 
| 258|0x0000000090200000, 0x0000000090200000, 0x0000000090300000|  0%| F|  |TAMS 0x0000000090200000, 0x0000000090200000| Untracked 
| 259|0x0000000090300000, 0x0000000090300000, 0x0000000090400000|  0%| F|  |TAMS 0x0000000090300000, 0x0000000090300000| Untracked 
| 260|0x0000000090400000, 0x0000000090400000, 0x0000000090500000|  0%| F|  |TAMS 0x0000000090400000, 0x0000000090400000| Untracked 
| 261|0x0000000090500000, 0x0000000090500000, 0x0000000090600000|  0%| F|  |TAMS 0x0000000090500000, 0x0000000090500000| Untracked 
| 262|0x0000000090600000, 0x0000000090600000, 0x0000000090700000|  0%| F|  |TAMS 0x0000000090600000, 0x0000000090600000| Untracked 
| 263|0x0000000090700000, 0x0000000090700000, 0x0000000090800000|  0%| F|  |TAMS 0x0000000090700000, 0x0000000090700000| Untracked 
| 264|0x0000000090800000, 0x0000000090800000, 0x0000000090900000|  0%| F|  |TAMS 0x0000000090800000, 0x0000000090800000| Untracked 
| 265|0x0000000090900000, 0x0000000090900000, 0x0000000090a00000|  0%| F|  |TAMS 0x0000000090900000, 0x0000000090900000| Untracked 
| 266|0x0000000090a00000, 0x0000000090a00000, 0x0000000090b00000|  0%| F|  |TAMS 0x0000000090a00000, 0x0000000090a00000| Untracked 
| 267|0x0000000090b00000, 0x0000000090b00000, 0x0000000090c00000|  0%| F|  |TAMS 0x0000000090b00000, 0x0000000090b00000| Untracked 
| 268|0x0000000090c00000, 0x0000000090c00000, 0x0000000090d00000|  0%| F|  |TAMS 0x0000000090c00000, 0x0000000090c00000| Untracked 
| 269|0x0000000090d00000, 0x0000000090d00000, 0x0000000090e00000|  0%| F|  |TAMS 0x0000000090d00000, 0x0000000090d00000| Untracked 
| 270|0x0000000090e00000, 0x0000000090e00000, 0x0000000090f00000|  0%| F|  |TAMS 0x0000000090e00000, 0x0000000090e00000| Untracked 
| 271|0x0000000090f00000, 0x0000000090f00000, 0x0000000091000000|  0%| F|  |TAMS 0x0000000090f00000, 0x0000000090f00000| Untracked 
| 272|0x0000000091000000, 0x0000000091000000, 0x0000000091100000|  0%| F|  |TAMS 0x0000000091000000, 0x0000000091000000| Untracked 
| 273|0x0000000091100000, 0x0000000091100000, 0x0000000091200000|  0%| F|  |TAMS 0x0000000091100000, 0x0000000091100000| Untracked 
| 274|0x0000000091200000, 0x0000000091200000, 0x0000000091300000|  0%| F|  |TAMS 0x0000000091200000, 0x0000000091200000| Untracked 
| 275|0x0000000091300000, 0x0000000091300000, 0x0000000091400000|  0%| F|  |TAMS 0x0000000091300000, 0x0000000091300000| Untracked 
| 276|0x0000000091400000, 0x0000000091400000, 0x0000000091500000|  0%| F|  |TAMS 0x0000000091400000, 0x0000000091400000| Untracked 
| 277|0x0000000091500000, 0x0000000091500000, 0x0000000091600000|  0%| F|  |TAMS 0x0000000091500000, 0x0000000091500000| Untracked 
| 278|0x0000000091600000, 0x0000000091600000, 0x0000000091700000|  0%| F|  |TAMS 0x0000000091600000, 0x0000000091600000| Untracked 
| 279|0x0000000091700000, 0x0000000091700000, 0x0000000091800000|  0%| F|  |TAMS 0x0000000091700000, 0x0000000091700000| Untracked 
| 280|0x0000000091800000, 0x0000000091800000, 0x0000000091900000|  0%| F|  |TAMS 0x0000000091800000, 0x0000000091800000| Untracked 
| 281|0x0000000091900000, 0x0000000091900000, 0x0000000091a00000|  0%| F|  |TAMS 0x0000000091900000, 0x0000000091900000| Untracked 
| 282|0x0000000091a00000, 0x0000000091a00000, 0x0000000091b00000|  0%| F|  |TAMS 0x0000000091a00000, 0x0000000091a00000| Untracked 
| 283|0x0000000091b00000, 0x0000000091b00000, 0x0000000091c00000|  0%| F|  |TAMS 0x0000000091b00000, 0x0000000091b00000| Untracked 
| 284|0x0000000091c00000, 0x0000000091c00000, 0x0000000091d00000|  0%| F|  |TAMS 0x0000000091c00000, 0x0000000091c00000| Untracked 
| 285|0x0000000091d00000, 0x0000000091d00000, 0x0000000091e00000|  0%| F|  |TAMS 0x0000000091d00000, 0x0000000091d00000| Untracked 
| 286|0x0000000091e00000, 0x0000000091e00000, 0x0000000091f00000|  0%| F|  |TAMS 0x0000000091e00000, 0x0000000091e00000| Untracked 
| 287|0x0000000091f00000, 0x0000000091f00000, 0x0000000092000000|  0%| F|  |TAMS 0x0000000091f00000, 0x0000000091f00000| Untracked 
| 288|0x0000000092000000, 0x0000000092000000, 0x0000000092100000|  0%| F|  |TAMS 0x0000000092000000, 0x0000000092000000| Untracked 
| 289|0x0000000092100000, 0x0000000092100000, 0x0000000092200000|  0%| F|  |TAMS 0x0000000092100000, 0x0000000092100000| Untracked 
| 290|0x0000000092200000, 0x0000000092200000, 0x0000000092300000|  0%| F|  |TAMS 0x0000000092200000, 0x0000000092200000| Untracked 
| 291|0x0000000092300000, 0x0000000092300000, 0x0000000092400000|  0%| F|  |TAMS 0x0000000092300000, 0x0000000092300000| Untracked 
| 292|0x0000000092400000, 0x0000000092400000, 0x0000000092500000|  0%| F|  |TAMS 0x0000000092400000, 0x0000000092400000| Untracked 
| 293|0x0000000092500000, 0x0000000092500000, 0x0000000092600000|  0%| F|  |TAMS 0x0000000092500000, 0x0000000092500000| Untracked 
| 294|0x0000000092600000, 0x0000000092600000, 0x0000000092700000|  0%| F|  |TAMS 0x0000000092600000, 0x0000000092600000| Untracked 
| 295|0x0000000092700000, 0x0000000092700000, 0x0000000092800000|  0%| F|  |TAMS 0x0000000092700000, 0x0000000092700000| Untracked 
| 296|0x0000000092800000, 0x0000000092800000, 0x0000000092900000|  0%| F|  |TAMS 0x0000000092800000, 0x0000000092800000| Untracked 
| 297|0x0000000092900000, 0x0000000092900000, 0x0000000092a00000|  0%| F|  |TAMS 0x0000000092900000, 0x0000000092900000| Untracked 
| 298|0x0000000092a00000, 0x0000000092a00000, 0x0000000092b00000|  0%| F|  |TAMS 0x0000000092a00000, 0x0000000092a00000| Untracked 
| 299|0x0000000092b00000, 0x0000000092b00000, 0x0000000092c00000|  0%| F|  |TAMS 0x0000000092b00000, 0x0000000092b00000| Untracked 
| 300|0x0000000092c00000, 0x0000000092c00000, 0x0000000092d00000|  0%| F|  |TAMS 0x0000000092c00000, 0x0000000092c00000| Untracked 
| 301|0x0000000092d00000, 0x0000000092d00000, 0x0000000092e00000|  0%| F|  |TAMS 0x0000000092d00000, 0x0000000092d00000| Untracked 
| 302|0x0000000092e00000, 0x0000000092e00000, 0x0000000092f00000|  0%| F|  |TAMS 0x0000000092e00000, 0x0000000092e00000| Untracked 
| 303|0x0000000092f00000, 0x0000000092f00000, 0x0000000093000000|  0%| F|  |TAMS 0x0000000092f00000, 0x0000000092f00000| Untracked 
| 304|0x0000000093000000, 0x0000000093000000, 0x0000000093100000|  0%| F|  |TAMS 0x0000000093000000, 0x0000000093000000| Untracked 
| 305|0x0000000093100000, 0x0000000093100000, 0x0000000093200000|  0%| F|  |TAMS 0x0000000093100000, 0x0000000093100000| Untracked 
| 306|0x0000000093200000, 0x0000000093200000, 0x0000000093300000|  0%| F|  |TAMS 0x0000000093200000, 0x0000000093200000| Untracked 
| 307|0x0000000093300000, 0x0000000093300000, 0x0000000093400000|  0%| F|  |TAMS 0x0000000093300000, 0x0000000093300000| Untracked 
| 308|0x0000000093400000, 0x0000000093400000, 0x0000000093500000|  0%| F|  |TAMS 0x0000000093400000, 0x0000000093400000| Untracked 
| 309|0x0000000093500000, 0x0000000093500000, 0x0000000093600000|  0%| F|  |TAMS 0x0000000093500000, 0x0000000093500000| Untracked 
| 310|0x0000000093600000, 0x0000000093600000, 0x0000000093700000|  0%| F|  |TAMS 0x0000000093600000, 0x0000000093600000| Untracked 

Card table byte_map: [0x0000025c9c360000,0x0000025c9c760000] _byte_map_base: 0x0000025c9bf60000

Marking Bits (Prev, Next): (CMBitMap*) 0x0000025c894ad470, (CMBitMap*) 0x0000025c894ad438
 Prev Bits: [0x0000025c9eb60000, 0x0000025ca0b60000)
 Next Bits: [0x0000025c9cb60000, 0x0000025c9eb60000)

Polling page: 0x0000025c875e0000

Metaspace:

Usage:
  Non-class:     91.92 MB capacity,    90.21 MB ( 98%) used,     1.37 MB (  1%) free+waste,   358.25 KB ( <1%) overhead. 
      Class:     14.37 MB capacity,    13.27 MB ( 92%) used,   965.83 KB (  7%) free+waste,   160.50 KB (  1%) overhead. 
       Both:    106.29 MB capacity,   103.48 MB ( 97%) used,     2.31 MB (  2%) free+waste,   518.75 KB ( <1%) overhead. 

Virtual space:
  Non-class space:       92.00 MB reserved,      92.00 MB (100%) committed 
      Class space:        1.00 GB reserved,      14.45 MB (  1%) committed 
             Both:        1.09 GB reserved,     106.45 MB ( 10%) committed 

Chunk freelists:
   Non-Class:  14.00 KB
       Class:  0 bytes
        Both:  14.00 KB

MaxMetaspaceSize: 17179869184.00 GB
CompressedClassSpaceSize: 1.00 GB

CodeHeap 'non-profiled nmethods': size=120064Kb used=8052Kb max_used=8052Kb free=112011Kb
 bounds [0x0000025c94a20000, 0x0000025c95200000, 0x0000025c9bf60000]
CodeHeap 'profiled nmethods': size=120000Kb used=41033Kb max_used=41033Kb free=78966Kb
 bounds [0x0000025c8d4f0000, 0x0000025c8fd10000, 0x0000025c94a20000]
CodeHeap 'non-nmethods': size=5696Kb used=2299Kb max_used=2350Kb free=3396Kb
 bounds [0x0000025c8cf60000, 0x0000025c8d1d0000, 0x0000025c8d4f0000]
 total_blobs=17849 nmethods=16928 adapters=831
 compilation: enabled
              stopped_count=0, restarted_count=0
 full_count=0

Compilation events (20 events):
Event: 80.092 Thread 0x0000025ca3076000 17466   !   3       java.util.Map::forEach (81 bytes)
Event: 80.093 Thread 0x0000025ca3076000 nmethod 17466 0x0000025c8fcfa210 code [0x0000025c8fcfa480, 0x0000025c8fcfaec8]
Event: 80.101 Thread 0x0000025ca3076000 17467 %     3       java.util.IdentityHashMap::remove @ 22 (102 bytes)
Event: 80.102 Thread 0x0000025ca3076000 nmethod 17467% 0x0000025c8fcfb290 code [0x0000025c8fcfb4c0, 0x0000025c8fcfbd38]
Event: 80.131 Thread 0x0000025ca3076000 17468 %     3       com.android.tools.r8.internal.i2::a @ 8 (36 bytes)
Event: 80.132 Thread 0x0000025ca3076000 nmethod 17468% 0x0000025c8fcfc090 code [0x0000025c8fcfc300, 0x0000025c8fcfcdd8]
Event: 80.132 Thread 0x0000025ca3076000 17469       3       com.android.tools.r8.internal.i2::a (36 bytes)
Event: 80.133 Thread 0x0000025ca3076000 nmethod 17469 0x0000025c8fcfd110 code [0x0000025c8fcfd360, 0x0000025c8fcfdd48]
Event: 80.160 Thread 0x0000025ca3076000 17470       3       java.util.IdentityHashMap::remove (102 bytes)
Event: 80.161 Thread 0x0000025ca3076000 nmethod 17470 0x0000025c8fcfe090 code [0x0000025c8fcfe2c0, 0x0000025c8fcfea98]
Event: 80.203 Thread 0x0000025ca3076000 17472       2       com.android.tools.r8.internal.i2::b (325 bytes)
Event: 80.207 Thread 0x0000025ca3076000 nmethod 17472 0x0000025c8fcfed90 code [0x0000025c8fcff220, 0x0000025c8fd00558]
Event: 80.207 Thread 0x0000025ca3076000 17473       2       com.android.tools.r8.internal.n2::remove (71 bytes)
Event: 80.209 Thread 0x0000025ca3076000 nmethod 17473 0x0000025c8fd01190 code [0x0000025c8fd013e0, 0x0000025c8fd01a18]
Event: 80.235 Thread 0x0000025ca3074800 nmethod 17455 0x0000025c951f8110 code [0x0000025c951f84e0, 0x0000025c951fb690]
Event: 80.236 Thread 0x0000025ca3074800 17465 %     4       com.android.tools.r8.ir.regalloc.a::a @ 2121 (3985 bytes)
Event: 80.279 Thread 0x0000025ca3076000 17475       2       com.android.tools.r8.graph.T$$Lambda$1445/0x0000000100daa040::apply (15 bytes)
Event: 80.279 Thread 0x0000025ca3076000 nmethod 17475 0x0000025c8fd01d90 code [0x0000025c8fd01f40, 0x0000025c8fd020d8]
Event: 80.279 Thread 0x0000025ca3076000 17476       2       com.android.tools.r8.graph.G$b::<init> (10 bytes)
Event: 80.280 Thread 0x0000025ca3076000 nmethod 17476 0x0000025c8fd02210 code [0x0000025c8fd023c0, 0x0000025c8fd024b8]

GC Heap History (20 events):
Event: 72.614 GC heap after
{Heap after GC invocations=82 (full 0):
 garbage-first heap   total 318464K, used 141497K [0x0000000080000000, 0x0000000100000000)
  region size 1024K, 5 young (5120K), 5 survivors (5120K)
 Metaspace       used 104932K, capacity 107694K, committed 107852K, reserved 1142784K
  class space    used 13476K, capacity 14564K, committed 14668K, reserved 1048576K
}
Event: 73.427 GC heap before
{Heap before GC invocations=82 (full 0):
 garbage-first heap   total 318464K, used 256185K [0x0000000080000000, 0x0000000100000000)
  region size 1024K, 118 young (120832K), 5 survivors (5120K)
 Metaspace       used 105395K, capacity 108249K, committed 108492K, reserved 1142784K
  class space    used 13562K, capacity 14688K, committed 14796K, reserved 1048576K
}
Event: 73.442 GC heap after
{Heap after GC invocations=83 (full 0):
 garbage-first heap   total 318464K, used 142727K [0x0000000080000000, 0x0000000100000000)
  region size 1024K, 6 young (6144K), 6 survivors (6144K)
 Metaspace       used 105395K, capacity 108249K, committed 108492K, reserved 1142784K
  class space    used 13562K, capacity 14688K, committed 14796K, reserved 1048576K
}
Event: 74.210 GC heap before
{Heap before GC invocations=83 (full 0):
 garbage-first heap   total 318464K, used 265607K [0x0000000080000000, 0x0000000100000000)
  region size 1024K, 126 young (129024K), 6 survivors (6144K)
 Metaspace       used 105647K, capacity 108495K, committed 108748K, reserved 1142784K
  class space    used 13575K, capacity 14697K, committed 14796K, reserved 1048576K
}
Event: 74.223 GC heap after
{Heap after GC invocations=84 (full 0):
 garbage-first heap   total 318464K, used 142584K [0x0000000080000000, 0x0000000100000000)
  region size 1024K, 6 young (6144K), 6 survivors (6144K)
 Metaspace       used 105647K, capacity 108495K, committed 108748K, reserved 1142784K
  class space    used 13575K, capacity 14697K, committed 14796K, reserved 1048576K
}
Event: 74.978 GC heap before
{Heap before GC invocations=84 (full 0):
 garbage-first heap   total 318464K, used 267512K [0x0000000080000000, 0x0000000100000000)
  region size 1024K, 129 young (132096K), 6 survivors (6144K)
 Metaspace       used 105738K, capacity 108655K, committed 108748K, reserved 1142784K
  class space    used 13579K, capacity 14703K, committed 14796K, reserved 1048576K
}
Event: 74.991 GC heap after
{Heap after GC invocations=85 (full 0):
 garbage-first heap   total 318464K, used 141773K [0x0000000080000000, 0x0000000100000000)
  region size 1024K, 5 young (5120K), 5 survivors (5120K)
 Metaspace       used 105738K, capacity 108655K, committed 108748K, reserved 1142784K
  class space    used 13579K, capacity 14703K, committed 14796K, reserved 1048576K
}
Event: 75.599 GC heap before
{Heap before GC invocations=85 (full 0):
 garbage-first heap   total 318464K, used 271821K [0x0000000080000000, 0x0000000100000000)
  region size 1024K, 132 young (135168K), 5 survivors (5120K)
 Metaspace       used 105785K, capacity 108666K, committed 109004K, reserved 1142784K
  class space    used 13579K, capacity 14704K, committed 14796K, reserved 1048576K
}
Event: 75.618 GC heap after
{Heap after GC invocations=86 (full 0):
 garbage-first heap   total 318464K, used 141519K [0x0000000080000000, 0x0000000100000000)
  region size 1024K, 5 young (5120K), 5 survivors (5120K)
 Metaspace       used 105785K, capacity 108666K, committed 109004K, reserved 1142784K
  class space    used 13579K, capacity 14704K, committed 14796K, reserved 1048576K
}
Event: 76.460 GC heap before
{Heap before GC invocations=86 (full 0):
 garbage-first heap   total 318464K, used 271567K [0x0000000080000000, 0x0000000100000000)
  region size 1024K, 133 young (136192K), 5 survivors (5120K)
 Metaspace       used 105873K, capacity 108750K, committed 109004K, reserved 1142784K
  class space    used 13585K, capacity 14708K, committed 14796K, reserved 1048576K
}
Event: 76.480 GC heap after
{Heap after GC invocations=87 (full 0):
 garbage-first heap   total 318464K, used 144590K [0x0000000080000000, 0x0000000100000000)
  region size 1024K, 8 young (8192K), 8 survivors (8192K)
 Metaspace       used 105873K, capacity 108750K, committed 109004K, reserved 1142784K
  class space    used 13585K, capacity 14708K, committed 14796K, reserved 1048576K
}
Event: 77.093 GC heap before
{Heap before GC invocations=87 (full 0):
 garbage-first heap   total 318464K, used 271566K [0x0000000080000000, 0x0000000100000000)
  region size 1024K, 133 young (136192K), 8 survivors (8192K)
 Metaspace       used 105906K, capacity 108771K, committed 109004K, reserved 1142784K
  class space    used 13587K, capacity 14713K, committed 14796K, reserved 1048576K
}
Event: 77.125 GC heap after
{Heap after GC invocations=88 (full 0):
 garbage-first heap   total 318464K, used 148789K [0x0000000080000000, 0x0000000100000000)
  region size 1024K, 12 young (12288K), 12 survivors (12288K)
 Metaspace       used 105906K, capacity 108771K, committed 109004K, reserved 1142784K
  class space    used 13587K, capacity 14713K, committed 14796K, reserved 1048576K
}
Event: 77.730 GC heap before
{Heap before GC invocations=88 (full 0):
 garbage-first heap   total 318464K, used 271669K [0x0000000080000000, 0x0000000100000000)
  region size 1024K, 132 young (135168K), 12 survivors (12288K)
 Metaspace       used 105923K, capacity 108839K, committed 109004K, reserved 1142784K
  class space    used 13588K, capacity 14714K, committed 14796K, reserved 1048576K
}
Event: 77.792 GC heap after
{Heap after GC invocations=89 (full 0):
 garbage-first heap   total 318464K, used 153621K [0x0000000080000000, 0x0000000100000000)
  region size 1024K, 14 young (14336K), 14 survivors (14336K)
 Metaspace       used 105923K, capacity 108839K, committed 109004K, reserved 1142784K
  class space    used 13588K, capacity 14714K, committed 14796K, reserved 1048576K
}
Event: 78.555 GC heap before
{Heap before GC invocations=89 (full 0):
 garbage-first heap   total 318464K, used 270357K [0x0000000080000000, 0x0000000100000000)
  region size 1024K, 128 young (131072K), 14 survivors (14336K)
 Metaspace       used 105942K, capacity 108841K, committed 109004K, reserved 1142784K
  class space    used 13588K, capacity 14714K, committed 14796K, reserved 1048576K
}
Event: 78.623 GC heap after
{Heap after GC invocations=90 (full 0):
 garbage-first heap   total 318464K, used 157184K [0x0000000080000000, 0x0000000100000000)
  region size 1024K, 10 young (10240K), 10 survivors (10240K)
 Metaspace       used 105942K, capacity 108841K, committed 109004K, reserved 1142784K
  class space    used 13588K, capacity 14714K, committed 14796K, reserved 1048576K
}
Event: 79.226 GC heap before
{Heap before GC invocations=90 (full 0):
 garbage-first heap   total 318464K, used 270848K [0x0000000080000000, 0x0000000100000000)
  region size 1024K, 121 young (123904K), 10 survivors (10240K)
 Metaspace       used 105958K, capacity 108846K, committed 109004K, reserved 1142784K
  class space    used 13589K, capacity 14716K, committed 14796K, reserved 1048576K
}
Event: 79.292 GC heap after
{Heap after GC invocations=91 (full 0):
 garbage-first heap   total 318464K, used 154836K [0x0000000080000000, 0x0000000100000000)
  region size 1024K, 4 young (4096K), 4 survivors (4096K)
 Metaspace       used 105958K, capacity 108846K, committed 109004K, reserved 1142784K
  class space    used 13589K, capacity 14716K, committed 14796K, reserved 1048576K
}
Event: 80.329 GC heap before
{Heap before GC invocations=91 (full 0):
 garbage-first heap   total 318464K, used 271572K [0x0000000080000000, 0x0000000100000000)
  region size 1024K, 119 young (121856K), 4 survivors (4096K)
 Metaspace       used 105960K, capacity 108846K, committed 109004K, reserved 1142784K
  class space    used 13589K, capacity 14716K, committed 14796K, reserved 1048576K
}

Deoptimization events (20 events):
Event: 78.793 Thread 0x0000025ca7da7000 DEOPT PACKING pc=0x0000025c8f97cc71 sp=0x000000a60d9f9280
Event: 78.793 Thread 0x0000025ca7da7000 DEOPT UNPACKING pc=0x0000025c8cf86abf sp=0x000000a60d9f8758 mode 0
Event: 78.828 Thread 0x0000025ca7dab000 Uncommon trap: trap_request=0xffffff76 fr.pc=0x0000025c951dc45c relative=0x000000000000429c
Event: 78.828 Thread 0x0000025ca7dab000 Uncommon trap: reason=loop_limit_check action=maybe_recompile pc=0x0000025c951dc45c method=com.android.tools.r8.internal.Ph.h(I)I @ 10 c2
Event: 78.828 Thread 0x0000025ca7dab000 DEOPT PACKING pc=0x0000025c951dc45c sp=0x000000a60dbf9130
Event: 78.828 Thread 0x0000025ca7dab000 DEOPT UNPACKING pc=0x0000025c8cf86ca9 sp=0x000000a60dbf8f48 mode 2
Event: 78.938 Thread 0x0000025ca7da5800 DEOPT PACKING pc=0x0000025c8f6ac482 sp=0x000000a60daf8d80
Event: 78.938 Thread 0x0000025ca7da5800 DEOPT UNPACKING pc=0x0000025c8cf86abf sp=0x000000a60daf82f0 mode 0
Event: 79.117 Thread 0x0000025ca7da7000 DEOPT PACKING pc=0x0000025c8f1ade1f sp=0x000000a60d9f9260
Event: 79.117 Thread 0x0000025ca7da7000 DEOPT UNPACKING pc=0x0000025c8cf86abf sp=0x000000a60d9f8720 mode 0
Event: 79.146 Thread 0x0000025ca7da5800 DEOPT PACKING pc=0x0000025c8f25ebb8 sp=0x000000a60daf9450
Event: 79.146 Thread 0x0000025ca7da5800 DEOPT UNPACKING pc=0x0000025c8cf86abf sp=0x000000a60daf8970 mode 0
Event: 79.393 Thread 0x0000025ca7dab000 Uncommon trap: trap_request=0xffffff76 fr.pc=0x0000025c951e6f4c relative=0x000000000000446c
Event: 79.393 Thread 0x0000025ca7dab000 Uncommon trap: reason=loop_limit_check action=maybe_recompile pc=0x0000025c951e6f4c method=com.android.tools.r8.internal.Ph.a(I)Z @ 44 c2
Event: 79.393 Thread 0x0000025ca7dab000 DEOPT PACKING pc=0x0000025c951e6f4c sp=0x000000a60dbf9130
Event: 79.393 Thread 0x0000025ca7dab000 DEOPT UNPACKING pc=0x0000025c8cf86ca9 sp=0x000000a60dbf8fc0 mode 2
Event: 79.467 Thread 0x0000025ca7da6000 DEOPT PACKING pc=0x0000025c8f316aaa sp=0x000000a60d8f9420
Event: 79.467 Thread 0x0000025ca7da6000 DEOPT UNPACKING pc=0x0000025c8cf86abf sp=0x000000a60d8f89c8 mode 0
Event: 80.133 Thread 0x0000025ca7da7000 DEOPT PACKING pc=0x0000025c8f6aa311 sp=0x000000a60d9f9840
Event: 80.133 Thread 0x0000025ca7da7000 DEOPT UNPACKING pc=0x0000025c8cf86abf sp=0x000000a60d9f8d68 mode 0

Classes redefined (0 events):
No events

Internal exceptions (20 events):
Event: 73.176 Thread 0x0000025ca7da7000 Exception <a 'sun/nio/fs/WindowsException'{0x000000008f629640}> (0x000000008f629640) thrown at [./src/hotspot/share/prims/jni.cpp, line 615]
Event: 74.135 Thread 0x0000025ca7da7000 Exception <a 'sun/nio/fs/WindowsException'{0x000000008c9c4150}> (0x000000008c9c4150) thrown at [./src/hotspot/share/prims/jni.cpp, line 615]
Event: 74.183 Thread 0x0000025ca7da5800 Exception <a 'sun/nio/fs/WindowsException'{0x000000008c094d88}> (0x000000008c094d88) thrown at [./src/hotspot/share/prims/jni.cpp, line 615]
Event: 74.203 Thread 0x0000025ca7da7000 Exception <a 'sun/nio/fs/WindowsException'{0x000000008bfc67d8}> (0x000000008bfc67d8) thrown at [./src/hotspot/share/prims/jni.cpp, line 615]
Event: 74.271 Thread 0x0000025ca7da5800 Exception <a 'sun/nio/fs/WindowsException'{0x00000000935edfa8}> (0x00000000935edfa8) thrown at [./src/hotspot/share/prims/jni.cpp, line 615]
Event: 74.334 Thread 0x0000025ca7da5800 Exception <a 'sun/nio/fs/WindowsException'{0x00000000926500d0}> (0x00000000926500d0) thrown at [./src/hotspot/share/prims/jni.cpp, line 615]
Event: 74.337 Thread 0x0000025ca7da7000 Implicit null exception at 0x0000025c9517869b to 0x0000025c9517c2b0
Event: 74.403 Thread 0x0000025ca7da5800 Exception <a 'sun/nio/fs/WindowsException'{0x0000000091d514b0}> (0x0000000091d514b0) thrown at [./src/hotspot/share/prims/jni.cpp, line 615]
Event: 74.448 Thread 0x0000025ca7da7000 Exception <a 'sun/nio/fs/WindowsException'{0x0000000091454ea8}> (0x0000000091454ea8) thrown at [./src/hotspot/share/prims/jni.cpp, line 615]
Event: 74.516 Thread 0x0000025ca7da7000 Exception <a 'sun/nio/fs/WindowsException'{0x00000000909a9e78}> (0x00000000909a9e78) thrown at [./src/hotspot/share/prims/jni.cpp, line 615]
Event: 74.804 Thread 0x0000025ca7da5800 Exception <a 'sun/nio/fs/WindowsException'{0x000000008db87ad0}> (0x000000008db87ad0) thrown at [./src/hotspot/share/prims/jni.cpp, line 615]
Event: 75.505 Thread 0x0000025ca7da7000 Exception <a 'sun/nio/fs/WindowsException'{0x000000008c7286a0}> (0x000000008c7286a0) thrown at [./src/hotspot/share/prims/jni.cpp, line 615]
Event: 75.542 Thread 0x0000025ca7da5800 Exception <a 'sun/nio/fs/WindowsException'{0x000000008c0078a8}> (0x000000008c0078a8) thrown at [./src/hotspot/share/prims/jni.cpp, line 615]
Event: 76.257 Thread 0x0000025ca7da5800 Exception <a 'sun/nio/fs/WindowsException'{0x000000008d9d3990}> (0x000000008d9d3990) thrown at [./src/hotspot/share/prims/jni.cpp, line 615]
Event: 76.339 Thread 0x0000025ca7da5800 Exception <a 'sun/nio/fs/WindowsException'{0x000000008d11e378}> (0x000000008d11e378) thrown at [./src/hotspot/share/prims/jni.cpp, line 615]
Event: 76.379 Thread 0x0000025ca7da7000 Exception <a 'sun/nio/fs/WindowsException'{0x000000008c9247b8}> (0x000000008c9247b8) thrown at [./src/hotspot/share/prims/jni.cpp, line 615]
Event: 76.544 Thread 0x0000025ca7da5800 Exception <a 'sun/nio/fs/WindowsException'{0x0000000092680bc0}> (0x0000000092680bc0) thrown at [./src/hotspot/share/prims/jni.cpp, line 615]
Event: 76.631 Thread 0x0000025ca7da5800 Exception <a 'sun/nio/fs/WindowsException'{0x0000000091db5c10}> (0x0000000091db5c10) thrown at [./src/hotspot/share/prims/jni.cpp, line 615]
Event: 77.271 Thread 0x0000025ca7da5800 Exception <a 'sun/nio/fs/WindowsException'{0x00000000918d57a0}> (0x00000000918d57a0) thrown at [./src/hotspot/share/prims/jni.cpp, line 615]
Event: 77.487 Thread 0x0000025ca7da5800 Exception <a 'sun/nio/fs/WindowsException'{0x000000008f344f40}> (0x000000008f344f40) thrown at [./src/hotspot/share/prims/jni.cpp, line 615]

Events (20 events):
Event: 76.984 loading class com/android/tools/r8/code/D0 done
Event: 76.984 loading class com/android/tools/r8/code/D0
Event: 76.984 loading class com/android/tools/r8/code/D0 done
Event: 76.985 loading class com/android/tools/r8/code/D0
Event: 76.985 loading class com/android/tools/r8/code/D0 done
Event: 77.090 Executing VM operation: G1CollectForAllocation
Event: 77.125 Executing VM operation: G1CollectForAllocation done
Event: 77.537 loading class com/android/tools/r8/graph/B0$a
Event: 77.537 loading class com/android/tools/r8/graph/B0$a done
Event: 77.727 Executing VM operation: G1CollectForAllocation
Event: 77.792 Executing VM operation: G1CollectForAllocation done
Event: 78.552 Executing VM operation: G1CollectForAllocation
Event: 78.623 Executing VM operation: G1CollectForAllocation done
Event: 78.718 loading class com/android/tools/r8/code/G0
Event: 78.718 loading class com/android/tools/r8/code/G0 done
Event: 78.718 loading class com/android/tools/r8/code/G0
Event: 78.718 loading class com/android/tools/r8/code/G0 done
Event: 79.226 Executing VM operation: G1CollectForAllocation
Event: 79.292 Executing VM operation: G1CollectForAllocation done
Event: 80.328 Executing VM operation: G1CollectForAllocation


Dynamic libraries:
0x00007ff7e63d0000 - 0x00007ff7e63da000 	C:\Program Files\Android\Android Studio\jre\bin\java.exe
0x00007ffead010000 - 0x00007ffead205000 	C:\WINDOWS\SYSTEM32\ntdll.dll
0x00007ffeacde0000 - 0x00007ffeace9e000 	C:\WINDOWS\System32\KERNEL32.DLL
0x00007ffeaa980000 - 0x00007ffeaac48000 	C:\WINDOWS\System32\KERNELBASE.dll
0x00007ffeaa720000 - 0x00007ffeaa820000 	C:\WINDOWS\System32\ucrtbase.dll
0x00007ffe86f00000 - 0x00007ffe86f17000 	C:\Program Files\Android\Android Studio\jre\bin\VCRUNTIME140.dll
0x00007ffe86e90000 - 0x00007ffe86ea9000 	C:\Program Files\Android\Android Studio\jre\bin\jli.dll
0x00007ffeac870000 - 0x00007ffeaca11000 	C:\WINDOWS\System32\USER32.dll
0x00007ffeab020000 - 0x00007ffeab042000 	C:\WINDOWS\System32\win32u.dll
0x00007ffeac310000 - 0x00007ffeac33b000 	C:\WINDOWS\System32\GDI32.dll
0x00007ffeaaf10000 - 0x00007ffeab01d000 	C:\WINDOWS\System32\gdi32full.dll
0x00007ffeaa850000 - 0x00007ffeaa8ed000 	C:\WINDOWS\System32\msvcp_win.dll
0x00007ffe97f50000 - 0x00007ffe981ea000 	C:\WINDOWS\WinSxS\amd64_microsoft.windows.common-controls_6595b64144ccf1df_6.0.19041.1110_none_60b5254171f9507e\COMCTL32.dll
0x00007ffeaca20000 - 0x00007ffeacabe000 	C:\WINDOWS\System32\msvcrt.dll
0x00007ffeac340000 - 0x00007ffeac370000 	C:\WINDOWS\System32\IMM32.DLL
0x00007ffe71790000 - 0x00007ffe7182d000 	C:\Program Files\Android\Android Studio\jre\bin\msvcp140.dll
0x00007ffe57e30000 - 0x00007ffe588ff000 	C:\Program Files\Android\Android Studio\jre\bin\server\jvm.dll
0x00007ffeab3b0000 - 0x00007ffeab45e000 	C:\WINDOWS\System32\ADVAPI32.dll
0x00007ffeac270000 - 0x00007ffeac30c000 	C:\WINDOWS\System32\sechost.dll
0x00007ffeacea0000 - 0x00007ffeacfc5000 	C:\WINDOWS\System32\RPCRT4.dll
0x00007ffeab3a0000 - 0x00007ffeab3a8000 	C:\WINDOWS\System32\PSAPI.DLL
0x00007ffea7e90000 - 0x00007ffea7e99000 	C:\WINDOWS\SYSTEM32\WSOCK32.dll
0x00007ffeab530000 - 0x00007ffeab59b000 	C:\WINDOWS\System32\WS2_32.dll
0x00007ffe8b960000 - 0x00007ffe8b987000 	C:\WINDOWS\SYSTEM32\WINMM.dll
0x00007ffe9ff10000 - 0x00007ffe9ff1a000 	C:\WINDOWS\SYSTEM32\VERSION.dll
0x00007ffea8520000 - 0x00007ffea8532000 	C:\WINDOWS\SYSTEM32\kernel.appcore.dll
0x00007ffea3970000 - 0x00007ffea3981000 	C:\Program Files\Android\Android Studio\jre\bin\verify.dll
0x00007ffe92e60000 - 0x00007ffe93044000 	C:\WINDOWS\SYSTEM32\DBGHELP.DLL
0x00007ffe8e010000 - 0x00007ffe8e03c000 	C:\WINDOWS\SYSTEM32\dbgcore.DLL
0x00007ffeaa8f0000 - 0x00007ffeaa972000 	C:\WINDOWS\System32\bcryptPrimitives.dll
0x00007ffea3940000 - 0x00007ffea3969000 	C:\Program Files\Android\Android Studio\jre\bin\java.dll
0x00007ffea2cf0000 - 0x00007ffea2cfb000 	C:\Program Files\Android\Android Studio\jre\bin\jimage.dll
0x00007ffea1820000 - 0x00007ffea1838000 	C:\Program Files\Android\Android Studio\jre\bin\zip.dll
0x00007ffeab920000 - 0x00007ffeac064000 	C:\WINDOWS\System32\SHELL32.dll
0x00007ffea8810000 - 0x00007ffea8fa5000 	C:\WINDOWS\SYSTEM32\windows.storage.dll
0x00007ffeab5a0000 - 0x00007ffeab8f5000 	C:\WINDOWS\System32\combase.dll
0x00007ffeaa170000 - 0x00007ffeaa19e000 	C:\WINDOWS\SYSTEM32\Wldp.dll
0x00007ffeacd30000 - 0x00007ffeacddd000 	C:\WINDOWS\System32\SHCORE.dll
0x00007ffeab340000 - 0x00007ffeab395000 	C:\WINDOWS\System32\shlwapi.dll
0x00007ffeaa660000 - 0x00007ffeaa67f000 	C:\WINDOWS\SYSTEM32\profapi.dll
0x00007ffe9cf20000 - 0x00007ffe9cf3a000 	C:\Program Files\Android\Android Studio\jre\bin\net.dll
0x00007ffe99710000 - 0x00007ffe9981c000 	C:\WINDOWS\SYSTEM32\WINHTTP.dll
0x00007ffea9ed0000 - 0x00007ffea9f3a000 	C:\WINDOWS\system32\mswsock.dll
0x00007ffe9cf00000 - 0x00007ffe9cf14000 	C:\Program Files\Android\Android Studio\jre\bin\nio.dll
0x00007ffea6180000 - 0x00007ffea61a7000 	C:\Users\finem\.gradle\native\8bec1ad78214c89d9ad589b4d07fe93259594b29d510b10fafb7a158f7737e5d\windows-amd64\native-platform.dll
0x00007ffe6b9a0000 - 0x00007ffe6badd000 	C:\Users\finem\.gradle\native\53dbd7edfb1c66fb8903c78663c9afc45aea4f116125fa6feffd364cf09443e8\windows-amd64\native-platform-file-events.dll
0x00007ffea2c40000 - 0x00007ffea2c4a000 	C:\Program Files\Android\Android Studio\jre\bin\management.dll
0x00007ffea2840000 - 0x00007ffea284c000 	C:\Program Files\Android\Android Studio\jre\bin\management_ext.dll
0x00007ffeaa0c0000 - 0x00007ffeaa0d8000 	C:\WINDOWS\SYSTEM32\CRYPTSP.dll
0x00007ffea97e0000 - 0x00007ffea9814000 	C:\WINDOWS\system32\rsaenh.dll
0x00007ffeaa820000 - 0x00007ffeaa847000 	C:\WINDOWS\System32\bcrypt.dll
0x00007ffeaa620000 - 0x00007ffeaa64e000 	C:\WINDOWS\SYSTEM32\USERENV.dll
0x00007ffeaa0e0000 - 0x00007ffeaa0ec000 	C:\WINDOWS\SYSTEM32\CRYPTBASE.dll
0x00007ffea9b70000 - 0x00007ffea9bab000 	C:\WINDOWS\SYSTEM32\IPHLPAPI.DLL
0x00007ffeacc90000 - 0x00007ffeacc98000 	C:\WINDOWS\System32\NSI.dll
0x00007ffe9cfd0000 - 0x00007ffe9cfe7000 	C:\WINDOWS\SYSTEM32\dhcpcsvc6.DLL
0x00007ffe9cfb0000 - 0x00007ffe9cfcd000 	C:\WINDOWS\SYSTEM32\dhcpcsvc.DLL
0x00007ffea9bc0000 - 0x00007ffea9c8b000 	C:\WINDOWS\SYSTEM32\DNSAPI.dll

dbghelp: loaded successfully - version: 4.0.5 - missing functions: none
symbol engine: initialized successfully - sym options: 0x614 - pdb path: .;C:\Program Files\Android\Android Studio\jre\bin;C:\WINDOWS\SYSTEM32;C:\WINDOWS\WinSxS\amd64_microsoft.windows.common-controls_6595b64144ccf1df_6.0.19041.1110_none_60b5254171f9507e;C:\Program Files\Android\Android Studio\jre\bin\server;C:\Users\finem\.gradle\native\8bec1ad78214c89d9ad589b4d07fe93259594b29d510b10fafb7a158f7737e5d\windows-amd64;C:\Users\finem\.gradle\native\53dbd7edfb1c66fb8903c78663c9afc45aea4f116125fa6feffd364cf09443e8\windows-amd64

VM Arguments:
jvm_args: --add-opens=java.base/java.util=ALL-UNNAMED --add-opens=java.base/java.lang=ALL-UNNAMED --add-opens=java.base/java.lang.invoke=ALL-UNNAMED --add-opens=java.base/java.util=ALL-UNNAMED --add-opens=java.prefs/java.util.prefs=ALL-UNNAMED --add-opens=java.prefs/java.util.prefs=ALL-UNNAMED --add-opens=java.base/java.nio.charset=ALL-UNNAMED --add-opens=java.base/java.net=ALL-UNNAMED --add-opens=java.base/java.util.concurrent.atomic=ALL-UNNAMED -Xmx2048m -Dfile.encoding=UTF-8 -Duser.country=RU -Duser.language=ru -Duser.variant 
java_command: org.gradle.launcher.daemon.bootstrap.GradleDaemon 7.0.2
java_class_path (initial): C:\Users\finem\.gradle\wrapper\dists\gradle-7.0.2-bin\857tjihv64xamwrf0h14cai3r\gradle-7.0.2\lib\gradle-launcher-7.0.2.jar
Launcher Type: SUN_STANDARD

[Global flags]
     intx CICompilerCount                          = 3                                         {product} {ergonomic}
     uint ConcGCThreads                            = 1                                         {product} {ergonomic}
     uint G1ConcRefinementThreads                  = 4                                         {product} {ergonomic}
   size_t G1HeapRegionSize                         = 1048576                                   {product} {ergonomic}
    uintx GCDrainStackTargetSize                   = 64                                        {product} {ergonomic}
   size_t InitialHeapSize                          = 67108864                                  {product} {ergonomic}
   size_t MarkStackSize                            = 4194304                                   {product} {ergonomic}
   size_t MaxHeapSize                              = 2147483648                                {product} {command line}
   size_t MaxNewSize                               = 1287651328                                {product} {ergonomic}
   size_t MinHeapDeltaBytes                        = 1048576                                   {product} {ergonomic}
    uintx NonNMethodCodeHeapSize                   = 5830732                                {pd product} {ergonomic}
    uintx NonProfiledCodeHeapSize                  = 122913754                              {pd product} {ergonomic}
    uintx ProfiledCodeHeapSize                     = 122913754                              {pd product} {ergonomic}
    uintx ReservedCodeCacheSize                    = 251658240                              {pd product} {ergonomic}
     bool SegmentedCodeCache                       = true                                      {product} {ergonomic}
     bool UseCompressedClassPointers               = true                                 {lp64_product} {ergonomic}
     bool UseCompressedOops                        = true                                 {lp64_product} {ergonomic}
     bool UseG1GC                                  = true                                      {product} {ergonomic}
     bool UseLargePagesIndividualAllocation        = false                                  {pd product} {ergonomic}

Logging:
Log output configuration:
 #0: stdout all=warning uptime,level,tags
 #1: stderr all=off uptime,level,tags

Environment Variables:
PATH=C:\Program Files (x86)\Common Files\Oracle\Java\javapath;C:\WINDOWS\system32;C:\WINDOWS;C:\WINDOWS\System32\Wbem;C:\WINDOWS\System32\WindowsPowerShell\v1.0\;C:\WINDOWS\System32\OpenSSH\;C:\Program Files\NVIDIA Corporation\NVIDIA NvDLISR;C:\Program Files (x86)\NVIDIA Corporation\PhysX\Common;C:\WINDOWS\system32;C:\WINDOWS;C:\WINDOWS\System32\Wbem;C:\WINDOWS\System32\WindowsPowerShell\v1.0\;C:\WINDOWS\System32\OpenSSH\;C:\Program Files\Git\cmd;C:\Program Files\php;C:\Program Files\Microsoft SQL Server\Client SDK\ODBC\170\Tools\Binn\;C:\Program Files\Microsoft SQL Server\Client SDK\ODBC\130\Tools\Binn\;C:\Program Files (x86)\Microsoft SQL Server\150\Tools\Binn\;C:\Program Files\Microsoft SQL Server\150\Tools\Binn\;C:\Program Files\Microsoft SQL Server\150\DTS\Binn\;C:\Program Files (x86)\dotnet\;C:\Users\finem\AppData\Local\Programs\Python\Python310\Scripts\;C:\Users\finem\AppData\Local\Programs\Python\Python310\;C:\Users\finem\AppData\Local\Programs\Python\Python38-32\Scripts\;C:\Users\finem\AppData\Local\Programs\Python\Python38-32\;C:\Users\finem\AppData\Local\Microsoft\WindowsApps;C:\Users\finem\.dotnet\tools;C:\Users\finem\AppData\Local\GitHubDesktop\bin;C:\Users\finem\AppData\Local\Microsoft\WindowsApps;C:\flutter\bin;C:\Users\finem\AppData\Local\Programs\Microsoft VS Code\bin;
USERNAME=finem
OS=Windows_NT
PROCESSOR_IDENTIFIER=Intel64 Family 6 Model 142 Stepping 9, GenuineIntel



---------------  S Y S T E M  ---------------

OS: Windows 10 , 64 bit Build 19041 (10.0.19041.1466)
OS uptime: 10 days 22:31 hours

CPU:total 4 (initial active 4) (2 cores per cpu, 2 threads per core) family 6 model 142 stepping 9 microcode 0xb4, cmov, cx8, fxsr, mmx, sse, sse2, sse3, ssse3, sse4.1, sse4.2, popcnt, aes, clmul, erms, 3dnowpref, lzcnt, ht, tsc, tscinvbit

Memory: 4k page, system-wide physical 4005M (43M free)
TotalPageFile size 12005M (AvailPageFile size 104M)
current process WorkingSet (physical memory assigned to process): 359M, peak: 437M
current process commit charge ("private bytes"): 687M, peak: 867M

vm_info: OpenJDK 64-Bit Server VM (11.0.10+0-b96-7249189) for windows-amd64 JRE (11.0.10+0-b96-7249189), built on Mar 31 2021 21:44:00 by "builder" with MS VC++ 14.0 (VS2015)

END.
